20:11:19 **** Incremental Build of configuration Debug for project CONTROL_ECU ****
make all 
Building file: ../CONTROL_ECU.c
Invoking: AVR Compiler
avr-gcc -Wall -g2 -gstabs -O0 -fpack-struct -fshort-enums -ffunction-sections -fdata-sections -std=gnu99 -funsigned-char -funsigned-bitfields -mmcu=atmega32 -DF_CPU=8000000UL -MMD -MP -MF"CONTROL_ECU.d" -MT"CONTROL_ECU.o" -c -o "CONTROL_ECU.o" "../CONTROL_ECU.c"
In file included from ../CONTROL_ECU.c:9:
d:/eclipse/lib/gcc/../../avr/include/util/delay.h:90:3: warning: #warning "Compiler optimizations disabled; functions from <util/delay.h> won't work as designed"
Finished building: ../CONTROL_ECU.c
 
Building target: CONTROL_ECU.elf
Invoking: AVR C Linker
avr-gcc -Wl,-Map,CONTROL_ECU.map -mmcu=atmega32 -o "CONTROL_ECU.elf"  ./Buzzer.o ./CONTROL_ECU.o ./DC_Motor.o ./external_eeprom.o ./gpio.o ./pwm.o ./timer1.o ./twi.o ./uart.o   
Finished building target: CONTROL_ECU.elf
 
Invoking: AVR Create Extended Listing
avr-objdump -h -S CONTROL_ECU.elf  >"CONTROL_ECU.lss"
Finished building: CONTROL_ECU.lss
 
Invoking: Print Size
avr-size --format=avr --mcu=atmega32 CONTROL_ECU.elf
AVR Memory Usage
----------------
Device: atmega32

Program:    8388 bytes (25.6% Full)
(.text + .data + .bootloader)

Data:        270 bytes (13.2% Full)
(.data + .bss + .noinit)


Finished building: sizedummy
 
20:15:59 **** Incremental Build of configuration Debug for project CONTROL_ECU ****
make all 
Building file: ../CONTROL_ECU.c
Invoking: AVR Compiler
avr-gcc -Wall -g2 -gstabs -O0 -fpack-struct -fshort-enums -ffunction-sections -fdata-sections -std=gnu99 -funsigned-char -funsigned-bitfields -mmcu=atmega32 -DF_CPU=8000000UL -MMD -MP -MF"CONTROL_ECU.d" -MT"CONTROL_ECU.o" -c -o "CONTROL_ECU.o" "../CONTROL_ECU.c"
In file included from ../CONTROL_ECU.c:9:
d:/eclipse/lib/gcc/../../avr/include/util/delay.h:90:3: warning: #warning "Compiler optimizations disabled; functions from <util/delay.h> won't work as designed"
Finished building: ../CONTROL_ECU.c
 
Building target: CONTROL_ECU.elf
Invoking: AVR C Linker
avr-gcc -Wl,-Map,CONTROL_ECU.map -mmcu=atmega32 -o "CONTROL_ECU.elf"  ./Buzzer.o ./CONTROL_ECU.o ./DC_Motor.o ./external_eeprom.o ./gpio.o ./pwm.o ./timer1.o ./twi.o ./uart.o   
Finished building target: CONTROL_ECU.elf
 
Invoking: AVR Create Extended Listing
avr-objdump -h -S CONTROL_ECU.elf  >"CONTROL_ECU.lss"
Finished building: CONTROL_ECU.lss
 
Invoking: Print Size
avr-size --format=avr --mcu=atmega32 CONTROL_ECU.elf
AVR Memory Usage
----------------
Device: atmega32

Program:    8618 bytes (26.3% Full)
(.text + .data + .bootloader)

Data:        270 bytes (13.2% Full)
(.data + .bss + .noinit)


Finished building: sizedummy
 
20:16:00 **** Incremental Build of configuration Debug for project HMI_ECU ****
make all 
Building file: ../HMI_ECU.c
Invoking: AVR Compiler
avr-gcc -Wall -g2 -gstabs -O0 -fpack-struct -fshort-enums -ffunction-sections -fdata-sections -std=gnu99 -funsigned-char -funsigned-bitfields -mmcu=atmega32 -DF_CPU=8000000UL -MMD -MP -MF"HMI_ECU.d" -MT"HMI_ECU.o" -c -o "HMI_ECU.o" "../HMI_ECU.c"
In file included from ../HMI_ECU.c:15:
d:/eclipse/lib/gcc/../../avr/include/util/delay.h:90:3: warning: #warning "Compiler optimizations disabled; functions from <util/delay.h> won't work as designed"
Finished building: ../HMI_ECU.c
 
Building target: HMI_ECU.elf
Invoking: AVR C Linker
avr-gcc -Wl,-Map,HMI_ECU.map -mmcu=atmega32 -o "HMI_ECU.elf"  ./HMI_ECU.o ./gpio.o ./keypad.o ./lcd.o ./uart.o   
Finished building target: HMI_ECU.elf
 
Invoking: AVR Create Extended Listing
avr-objdump -h -S HMI_ECU.elf  >"HMI_ECU.lss"
Finished building: HMI_ECU.lss
 
Invoking: Print Size
avr-size --format=avr --mcu=atmega32 HMI_ECU.elf
AVR Memory Usage
----------------
Device: atmega32

Program:   13244 bytes (40.4% Full)
(.text + .data + .bootloader)

Data:        117 bytes (5.7% Full)
(.data + .bss + .noinit)


Finished building: sizedummy
 
20:21:38 **** Incremental Build of configuration Debug for project CONTROL_ECU ****
make all 
Invoking: Print Size
avr-size --format=avr --mcu=atmega32 CONTROL_ECU.elf
AVR Memory Usage
----------------
Device: atmega32

Program:    8618 bytes (26.3% Full)
(.text + .data + .bootloader)

Data:        270 bytes (13.2% Full)
(.data + .bss + .noinit)


Finished building: sizedummy
 
20:21:39 **** Incremental Build of configuration Debug for project HMI_ECU ****
make all 
Building file: ../HMI_ECU.c
Invoking: AVR Compiler
avr-gcc -Wall -g2 -gstabs -O0 -fpack-struct -fshort-enums -ffunction-sections -fdata-sections -std=gnu99 -funsigned-char -funsigned-bitfields -mmcu=atmega32 -DF_CPU=8000000UL -MMD -MP -MF"HMI_ECU.d" -MT"HMI_ECU.o" -c -o "HMI_ECU.o" "../HMI_ECU.c"
In file included from ../HMI_ECU.c:15:
d:/eclipse/lib/gcc/../../avr/include/util/delay.h:90:3: warning: #warning "Compiler optimizations disabled; functions from <util/delay.h> won't work as designed"
Finished building: ../HMI_ECU.c
 
Building target: HMI_ECU.elf
Invoking: AVR C Linker
avr-gcc -Wl,-Map,HMI_ECU.map -mmcu=atmega32 -o "HMI_ECU.elf"  ./HMI_ECU.o ./gpio.o ./keypad.o ./lcd.o ./uart.o   
Finished building target: HMI_ECU.elf
 
Invoking: AVR Create Extended Listing
avr-objdump -h -S HMI_ECU.elf  >"HMI_ECU.lss"
Finished building: HMI_ECU.lss
 
Invoking: Print Size
avr-size --format=avr --mcu=atmega32 HMI_ECU.elf
AVR Memory Usage
----------------
Device: atmega32

Program:   13244 bytes (40.4% Full)
(.text + .data + .bootloader)

Data:        117 bytes (5.7% Full)
(.data + .bss + .noinit)


Finished building: sizedummy
 
20:25:41 **** Incremental Build of configuration Debug for project CONTROL_ECU ****
make all 
Building file: ../CONTROL_ECU.c
Invoking: AVR Compiler
avr-gcc -Wall -g2 -gstabs -O0 -fpack-struct -fshort-enums -ffunction-sections -fdata-sections -std=gnu99 -funsigned-char -funsigned-bitfields -mmcu=atmega32 -DF_CPU=8000000UL -MMD -MP -MF"CONTROL_ECU.d" -MT"CONTROL_ECU.o" -c -o "CONTROL_ECU.o" "../CONTROL_ECU.c"
In file included from ../CONTROL_ECU.c:9:
d:/eclipse/lib/gcc/../../avr/include/util/delay.h:90:3: warning: #warning "Compiler optimizations disabled; functions from <util/delay.h> won't work as designed"
Finished building: ../CONTROL_ECU.c
 
Building target: CONTROL_ECU.elf
Invoking: AVR C Linker
avr-gcc -Wl,-Map,CONTROL_ECU.map -mmcu=atmega32 -o "CONTROL_ECU.elf"  ./Buzzer.o ./CONTROL_ECU.o ./DC_Motor.o ./external_eeprom.o ./gpio.o ./pwm.o ./timer1.o ./twi.o ./uart.o   
Finished building target: CONTROL_ECU.elf
 
Invoking: AVR Create Extended Listing
avr-objdump -h -S CONTROL_ECU.elf  >"CONTROL_ECU.lss"
Finished building: CONTROL_ECU.lss
 
Invoking: Print Size
avr-size --format=avr --mcu=atmega32 CONTROL_ECU.elf
AVR Memory Usage
----------------
Device: atmega32

Program:    8620 bytes (26.3% Full)
(.text + .data + .bootloader)

Data:        270 bytes (13.2% Full)
(.data + .bss + .noinit)


Finished building: sizedummy
 
20:25:42 **** Incremental Build of configuration Debug for project HMI_ECU ****
make all 
Building file: ../HMI_ECU.c
Invoking: AVR Compiler
avr-gcc -Wall -g2 -gstabs -O0 -fpack-struct -fshort-enums -ffunction-sections -fdata-sections -std=gnu99 -funsigned-char -funsigned-bitfields -mmcu=atmega32 -DF_CPU=8000000UL -MMD -MP -MF"HMI_ECU.d" -MT"HMI_ECU.o" -c -o "HMI_ECU.o" "../HMI_ECU.c"
In file included from ../HMI_ECU.c:15:
d:/eclipse/lib/gcc/../../avr/include/util/delay.h:90:3: warning: #warning "Compiler optimizations disabled; functions from <util/delay.h> won't work as designed"
Finished building: ../HMI_ECU.c
 
Building target: HMI_ECU.elf
Invoking: AVR C Linker
avr-gcc -Wl,-Map,HMI_ECU.map -mmcu=atmega32 -o "HMI_ECU.elf"  ./HMI_ECU.o ./gpio.o ./keypad.o ./lcd.o ./uart.o   
Finished building target: HMI_ECU.elf
 
Invoking: AVR Create Extended Listing
avr-objdump -h -S HMI_ECU.elf  >"HMI_ECU.lss"
Finished building: HMI_ECU.lss
 
Invoking: Print Size
avr-size --format=avr --mcu=atmega32 HMI_ECU.elf
AVR Memory Usage
----------------
Device: atmega32

Program:   13244 bytes (40.4% Full)
(.text + .data + .bootloader)

Data:        117 bytes (5.7% Full)
(.data + .bss + .noinit)


Finished building: sizedummy
 
20:31:22 **** Incremental Build of configuration Debug for project CONTROL_ECU ****
make all 
Building file: ../CONTROL_ECU.c
Invoking: AVR Compiler
avr-gcc -Wall -g2 -gstabs -O0 -fpack-struct -fshort-enums -ffunction-sections -fdata-sections -std=gnu99 -funsigned-char -funsigned-bitfields -mmcu=atmega32 -DF_CPU=8000000UL -MMD -MP -MF"CONTROL_ECU.d" -MT"CONTROL_ECU.o" -c -o "CONTROL_ECU.o" "../CONTROL_ECU.c"
In file included from ../CONTROL_ECU.c:9:
d:/eclipse/lib/gcc/../../avr/include/util/delay.h:90:3: warning: #warning "Compiler optimizations disabled; functions from <util/delay.h> won't work as designed"
Finished building: ../CONTROL_ECU.c
 
Building target: CONTROL_ECU.elf
Invoking: AVR C Linker
avr-gcc -Wl,-Map,CONTROL_ECU.map -mmcu=atmega32 -o "CONTROL_ECU.elf"  ./Buzzer.o ./CONTROL_ECU.o ./DC_Motor.o ./external_eeprom.o ./gpio.o ./pwm.o ./timer1.o ./twi.o ./uart.o   
Finished building target: CONTROL_ECU.elf
 
Invoking: AVR Create Extended Listing
avr-objdump -h -S CONTROL_ECU.elf  >"CONTROL_ECU.lss"
Finished building: CONTROL_ECU.lss
 
Invoking: Print Size
avr-size --format=avr --mcu=atmega32 CONTROL_ECU.elf
AVR Memory Usage
----------------
Device: atmega32

Program:    8624 bytes (26.3% Full)
(.text + .data + .bootloader)

Data:        270 bytes (13.2% Full)
(.data + .bss + .noinit)


Finished building: sizedummy
 
20:31:23 **** Incremental Build of configuration Debug for project HMI_ECU ****
make all 
Building file: ../HMI_ECU.c
Invoking: AVR Compiler
avr-gcc -Wall -g2 -gstabs -O0 -fpack-struct -fshort-enums -ffunction-sections -fdata-sections -std=gnu99 -funsigned-char -funsigned-bitfields -mmcu=atmega32 -DF_CPU=8000000UL -MMD -MP -MF"HMI_ECU.d" -MT"HMI_ECU.o" -c -o "HMI_ECU.o" "../HMI_ECU.c"
In file included from ../HMI_ECU.c:15:
d:/eclipse/lib/gcc/../../avr/include/util/delay.h:90:3: warning: #warning "Compiler optimizations disabled; functions from <util/delay.h> won't work as designed"
Finished building: ../HMI_ECU.c
 
Building target: HMI_ECU.elf
Invoking: AVR C Linker
avr-gcc -Wl,-Map,HMI_ECU.map -mmcu=atmega32 -o "HMI_ECU.elf"  ./HMI_ECU.o ./gpio.o ./keypad.o ./lcd.o ./uart.o   
Finished building target: HMI_ECU.elf
 
Invoking: AVR Create Extended Listing
avr-objdump -h -S HMI_ECU.elf  >"HMI_ECU.lss"
Finished building: HMI_ECU.lss
 
Invoking: Print Size
avr-size --format=avr --mcu=atmega32 HMI_ECU.elf
AVR Memory Usage
----------------
Device: atmega32

Program:   13244 bytes (40.4% Full)
(.text + .data + .bootloader)

Data:        117 bytes (5.7% Full)
(.data + .bss + .noinit)


Finished building: sizedummy
 
20:32:03 **** Incremental Build of configuration Debug for project CONTROL_ECU ****
make all 
Invoking: Print Size
avr-size --format=avr --mcu=atmega32 CONTROL_ECU.elf
AVR Memory Usage
----------------
Device: atmega32

Program:    8624 bytes (26.3% Full)
(.text + .data + .bootloader)

Data:        270 bytes (13.2% Full)
(.data + .bss + .noinit)


Finished building: sizedummy
 
20:32:03 **** Incremental Build of configuration Debug for project HMI_ECU ****
make all 
Invoking: Print Size
avr-size --format=avr --mcu=atmega32 HMI_ECU.elf
AVR Memory Usage
----------------
Device: atmega32

Program:   13244 bytes (40.4% Full)
(.text + .data + .bootloader)

Data:        117 bytes (5.7% Full)
(.data + .bss + .noinit)


Finished building: sizedummy
 
20:37:54 **** Incremental Build of configuration Debug for project CONTROL_ECU ****
make all 
Building file: ../CONTROL_ECU.c
Invoking: AVR Compiler
avr-gcc -Wall -g2 -gstabs -O0 -fpack-struct -fshort-enums -ffunction-sections -fdata-sections -std=gnu99 -funsigned-char -funsigned-bitfields -mmcu=atmega32 -DF_CPU=8000000UL -MMD -MP -MF"CONTROL_ECU.d" -MT"CONTROL_ECU.o" -c -o "CONTROL_ECU.o" "../CONTROL_ECU.c"
In file included from ../CONTROL_ECU.c:9:
d:/eclipse/lib/gcc/../../avr/include/util/delay.h:90:3: warning: #warning "Compiler optimizations disabled; functions from <util/delay.h> won't work as designed"
Finished building: ../CONTROL_ECU.c
 
Building target: CONTROL_ECU.elf
Invoking: AVR C Linker
avr-gcc -Wl,-Map,CONTROL_ECU.map -mmcu=atmega32 -o "CONTROL_ECU.elf"  ./Buzzer.o ./CONTROL_ECU.o ./DC_Motor.o ./external_eeprom.o ./gpio.o ./pwm.o ./timer1.o ./twi.o ./uart.o   
Finished building target: CONTROL_ECU.elf
 
Invoking: AVR Create Extended Listing
avr-objdump -h -S CONTROL_ECU.elf  >"CONTROL_ECU.lss"
Finished building: CONTROL_ECU.lss
 
Invoking: Print Size
avr-size --format=avr --mcu=atmega32 CONTROL_ECU.elf
AVR Memory Usage
----------------
Device: atmega32

Program:    8642 bytes (26.4% Full)
(.text + .data + .bootloader)

Data:        270 bytes (13.2% Full)
(.data + .bss + .noinit)


Finished building: sizedummy
 
20:37:55 **** Incremental Build of configuration Debug for project HMI_ECU ****
make all 
Building file: ../HMI_ECU.c
Invoking: AVR Compiler
avr-gcc -Wall -g2 -gstabs -O0 -fpack-struct -fshort-enums -ffunction-sections -fdata-sections -std=gnu99 -funsigned-char -funsigned-bitfields -mmcu=atmega32 -DF_CPU=8000000UL -MMD -MP -MF"HMI_ECU.d" -MT"HMI_ECU.o" -c -o "HMI_ECU.o" "../HMI_ECU.c"
In file included from ../HMI_ECU.c:15:
d:/eclipse/lib/gcc/../../avr/include/util/delay.h:90:3: warning: #warning "Compiler optimizations disabled; functions from <util/delay.h> won't work as designed"
Finished building: ../HMI_ECU.c
 
Building target: HMI_ECU.elf
Invoking: AVR C Linker
avr-gcc -Wl,-Map,HMI_ECU.map -mmcu=atmega32 -o "HMI_ECU.elf"  ./HMI_ECU.o ./gpio.o ./keypad.o ./lcd.o ./uart.o   
Finished building target: HMI_ECU.elf
 
Invoking: AVR Create Extended Listing
avr-objdump -h -S HMI_ECU.elf  >"HMI_ECU.lss"
Finished building: HMI_ECU.lss
 
Invoking: Print Size
avr-size --format=avr --mcu=atmega32 HMI_ECU.elf
AVR Memory Usage
----------------
Device: atmega32

Program:   13262 bytes (40.5% Full)
(.text + .data + .bootloader)

Data:        117 bytes (5.7% Full)
(.data + .bss + .noinit)


Finished building: sizedummy
 
20:40:17 **** Incremental Build of configuration Debug for project CONTROL_ECU ****
make all 
Building file: ../CONTROL_ECU.c
Invoking: AVR Compiler
avr-gcc -Wall -g2 -gstabs -O0 -fpack-struct -fshort-enums -ffunction-sections -fdata-sections -std=gnu99 -funsigned-char -funsigned-bitfields -mmcu=atmega32 -DF_CPU=8000000UL -MMD -MP -MF"CONTROL_ECU.d" -MT"CONTROL_ECU.o" -c -o "CONTROL_ECU.o" "../CONTROL_ECU.c"
In file included from ../CONTROL_ECU.c:9:
d:/eclipse/lib/gcc/../../avr/include/util/delay.h:90:3: warning: #warning "Compiler optimizations disabled; functions from <util/delay.h> won't work as designed"
Finished building: ../CONTROL_ECU.c
 
Building target: CONTROL_ECU.elf
Invoking: AVR C Linker
avr-gcc -Wl,-Map,CONTROL_ECU.map -mmcu=atmega32 -o "CONTROL_ECU.elf"  ./Buzzer.o ./CONTROL_ECU.o ./DC_Motor.o ./external_eeprom.o ./gpio.o ./pwm.o ./timer1.o ./twi.o ./uart.o   
Finished building target: CONTROL_ECU.elf
 
Invoking: AVR Create Extended Listing
avr-objdump -h -S CONTROL_ECU.elf  >"CONTROL_ECU.lss"
Finished building: CONTROL_ECU.lss
 
Invoking: Print Size
avr-size --format=avr --mcu=atmega32 CONTROL_ECU.elf
AVR Memory Usage
----------------
Device: atmega32

Program:    8642 bytes (26.4% Full)
(.text + .data + .bootloader)

Data:        270 bytes (13.2% Full)
(.data + .bss + .noinit)


Finished building: sizedummy
 
20:40:18 **** Incremental Build of configuration Debug for project HMI_ECU ****
make all 
Building file: ../HMI_ECU.c
Invoking: AVR Compiler
avr-gcc -Wall -g2 -gstabs -O0 -fpack-struct -fshort-enums -ffunction-sections -fdata-sections -std=gnu99 -funsigned-char -funsigned-bitfields -mmcu=atmega32 -DF_CPU=8000000UL -MMD -MP -MF"HMI_ECU.d" -MT"HMI_ECU.o" -c -o "HMI_ECU.o" "../HMI_ECU.c"
In file included from ../HMI_ECU.c:15:
d:/eclipse/lib/gcc/../../avr/include/util/delay.h:90:3: warning: #warning "Compiler optimizations disabled; functions from <util/delay.h> won't work as designed"
Finished building: ../HMI_ECU.c
 
Building target: HMI_ECU.elf
Invoking: AVR C Linker
avr-gcc -Wl,-Map,HMI_ECU.map -mmcu=atmega32 -o "HMI_ECU.elf"  ./HMI_ECU.o ./gpio.o ./keypad.o ./lcd.o ./uart.o   
Finished building target: HMI_ECU.elf
 
Invoking: AVR Create Extended Listing
avr-objdump -h -S HMI_ECU.elf  >"HMI_ECU.lss"
Finished building: HMI_ECU.lss
 
Invoking: Print Size
avr-size --format=avr --mcu=atmega32 HMI_ECU.elf
AVR Memory Usage
----------------
Device: atmega32

Program:   13262 bytes (40.5% Full)
(.text + .data + .bootloader)

Data:        117 bytes (5.7% Full)
(.data + .bss + .noinit)


Finished building: sizedummy
 
21:13:52 **** Incremental Build of configuration Debug for project CONTROL_ECU ****
make all 
Invoking: Print Size
avr-size --format=avr --mcu=atmega32 CONTROL_ECU.elf
AVR Memory Usage
----------------
Device: atmega32

Program:    8642 bytes (26.4% Full)
(.text + .data + .bootloader)

Data:        270 bytes (13.2% Full)
(.data + .bss + .noinit)


Finished building: sizedummy
 
21:13:54 **** Incremental Build of configuration Debug for project HMI_ECU ****
make all 
Building file: ../HMI_ECU.c
Invoking: AVR Compiler
avr-gcc -Wall -g2 -gstabs -O0 -fpack-struct -fshort-enums -ffunction-sections -fdata-sections -std=gnu99 -funsigned-char -funsigned-bitfields -mmcu=atmega32 -DF_CPU=8000000UL -MMD -MP -MF"HMI_ECU.d" -MT"HMI_ECU.o" -c -o "HMI_ECU.o" "../HMI_ECU.c"
In file included from ../HMI_ECU.c:15:
d:/eclipse/lib/gcc/../../avr/include/util/delay.h:90:3: warning: #warning "Compiler optimizations disabled; functions from <util/delay.h> won't work as designed"
Finished building: ../HMI_ECU.c
 
Building target: HMI_ECU.elf
Invoking: AVR C Linker
avr-gcc -Wl,-Map,HMI_ECU.map -mmcu=atmega32 -o "HMI_ECU.elf"  ./HMI_ECU.o ./gpio.o ./keypad.o ./lcd.o ./uart.o   
Finished building target: HMI_ECU.elf
 
Invoking: AVR Create Extended Listing
avr-objdump -h -S HMI_ECU.elf  >"HMI_ECU.lss"
Finished building: HMI_ECU.lss
 
Invoking: Print Size
avr-size --format=avr --mcu=atmega32 HMI_ECU.elf
AVR Memory Usage
----------------
Device: atmega32

Program:   13542 bytes (41.3% Full)
(.text + .data + .bootloader)

Data:        113 bytes (5.5% Full)
(.data + .bss + .noinit)


Finished building: sizedummy
 
22:34:46 **** Incremental Build of configuration Debug for project CONTROL_ECU ****
make all 
Invoking: Print Size
avr-size --format=avr --mcu=atmega32 CONTROL_ECU.elf
AVR Memory Usage
----------------
Device: atmega32

Program:    8642 bytes (26.4% Full)
(.text + .data + .bootloader)

Data:        270 bytes (13.2% Full)
(.data + .bss + .noinit)


Finished building: sizedummy
 
22:34:47 **** Incremental Build of configuration Debug for project HMI_ECU ****
make all 
Building file: ../HMI_ECU.c
Invoking: AVR Compiler
avr-gcc -Wall -g2 -gstabs -O0 -fpack-struct -fshort-enums -ffunction-sections -fdata-sections -std=gnu99 -funsigned-char -funsigned-bitfields -mmcu=atmega32 -DF_CPU=8000000UL -MMD -MP -MF"HMI_ECU.d" -MT"HMI_ECU.o" -c -o "HMI_ECU.o" "../HMI_ECU.c"
In file included from ../HMI_ECU.c:15:
d:/eclipse/lib/gcc/../../avr/include/util/delay.h:90:3: warning: #warning "Compiler optimizations disabled; functions from <util/delay.h> won't work as designed"
Finished building: ../HMI_ECU.c
 
Building file: ../gpio.c
Invoking: AVR Compiler
avr-gcc -Wall -g2 -gstabs -O0 -fpack-struct -fshort-enums -ffunction-sections -fdata-sections -std=gnu99 -funsigned-char -funsigned-bitfields -mmcu=atmega32 -DF_CPU=8000000UL -MMD -MP -MF"gpio.d" -MT"gpio.o" -c -o "gpio.o" "../gpio.c"
Finished building: ../gpio.c
 
Building file: ../keypad.c
Invoking: AVR Compiler
avr-gcc -Wall -g2 -gstabs -O0 -fpack-struct -fshort-enums -ffunction-sections -fdata-sections -std=gnu99 -funsigned-char -funsigned-bitfields -mmcu=atmega32 -DF_CPU=8000000UL -MMD -MP -MF"keypad.d" -MT"keypad.o" -c -o "keypad.o" "../keypad.c"
In file included from ../keypad.c:14:
d:/eclipse/lib/gcc/../../avr/include/util/delay.h:90:3: warning: #warning "Compiler optimizations disabled; functions from <util/delay.h> won't work as designed"
Finished building: ../keypad.c
 
Building file: ../lcd.c
Invoking: AVR Compiler
avr-gcc -Wall -g2 -gstabs -O0 -fpack-struct -fshort-enums -ffunction-sections -fdata-sections -std=gnu99 -funsigned-char -funsigned-bitfields -mmcu=atmega32 -DF_CPU=8000000UL -MMD -MP -MF"lcd.d" -MT"lcd.o" -c -o "lcd.o" "../lcd.c"
In file included from ../lcd.c:13:
d:/eclipse/lib/gcc/../../avr/include/util/delay.h:90:3: warning: #warning "Compiler optimizations disabled; functions from <util/delay.h> won't work as designed"
../lcd.c: In function 'LCD_intgerToString':
../lcd.c:209: warning: implicit declaration of function 'itoa'
Finished building: ../lcd.c
 
Building file: ../timer1.c
Invoking: AVR Compiler
avr-gcc -Wall -g2 -gstabs -O0 -fpack-struct -fshort-enums -ffunction-sections -fdata-sections -std=gnu99 -funsigned-char -funsigned-bitfields -mmcu=atmega32 -DF_CPU=8000000UL -MMD -MP -MF"timer1.d" -MT"timer1.o" -c -o "timer1.o" "../timer1.c"
../timer1.c: In function 'Timer1_setCallBack':
../timer1.c:94: warning: function return types not compatible due to 'volatile'
Finished building: ../timer1.c
 
Building file: ../uart.c
Invoking: AVR Compiler
avr-gcc -Wall -g2 -gstabs -O0 -fpack-struct -fshort-enums -ffunction-sections -fdata-sections -std=gnu99 -funsigned-char -funsigned-bitfields -mmcu=atmega32 -DF_CPU=8000000UL -MMD -MP -MF"uart.d" -MT"uart.o" -c -o "uart.o" "../uart.c"
Finished building: ../uart.c
 
Building target: HMI_ECU.elf
Invoking: AVR C Linker
avr-gcc -Wl,-Map,HMI_ECU.map -mmcu=atmega32 -o "HMI_ECU.elf"  ./HMI_ECU.o ./gpio.o ./keypad.o ./lcd.o ./timer1.o ./uart.o   
Finished building target: HMI_ECU.elf
 
Invoking: AVR Create Extended Listing
avr-objdump -h -S HMI_ECU.elf  >"HMI_ECU.lss"
Finished building: HMI_ECU.lss
 
Invoking: Print Size
avr-size --format=avr --mcu=atmega32 HMI_ECU.elf
AVR Memory Usage
----------------
Device: atmega32

Program:   13570 bytes (41.4% Full)
(.text + .data + .bootloader)

Data:        121 bytes (5.9% Full)
(.data + .bss + .noinit)


Finished building: sizedummy
 
22:35:02 **** Incremental Build of configuration Debug for project CONTROL_ECU ****
make all 
Invoking: Print Size
avr-size --format=avr --mcu=atmega32 CONTROL_ECU.elf
AVR Memory Usage
----------------
Device: atmega32

Program:    8642 bytes (26.4% Full)
(.text + .data + .bootloader)

Data:        270 bytes (13.2% Full)
(.data + .bss + .noinit)


Finished building: sizedummy
 
22:35:02 **** Incremental Build of configuration Debug for project HMI_ECU ****
make all 
Invoking: Print Size
avr-size --format=avr --mcu=atmega32 HMI_ECU.elf
AVR Memory Usage
----------------
Device: atmega32

Program:   13570 bytes (41.4% Full)
(.text + .data + .bootloader)

Data:        121 bytes (5.9% Full)
(.data + .bss + .noinit)


Finished building: sizedummy
 
22:41:31 **** Incremental Build of configuration Debug for project CONTROL_ECU ****
make all 
Invoking: Print Size
avr-size --format=avr --mcu=atmega32 CONTROL_ECU.elf
AVR Memory Usage
----------------
Device: atmega32

Program:    8642 bytes (26.4% Full)
(.text + .data + .bootloader)

Data:        270 bytes (13.2% Full)
(.data + .bss + .noinit)


Finished building: sizedummy
 
22:41:31 **** Incremental Build of configuration Debug for project HMI_ECU ****
make all 
Building file: ../HMI_ECU.c
Invoking: AVR Compiler
avr-gcc -Wall -g2 -gstabs -O0 -fpack-struct -fshort-enums -ffunction-sections -fdata-sections -std=gnu99 -funsigned-char -funsigned-bitfields -mmcu=atmega32 -DF_CPU=8000000UL -MMD -MP -MF"HMI_ECU.d" -MT"HMI_ECU.o" -c -o "HMI_ECU.o" "../HMI_ECU.c"
In file included from ../HMI_ECU.c:15:
d:/eclipse/lib/gcc/../../avr/include/util/delay.h:90:3: warning: #warning "Compiler optimizations disabled; functions from <util/delay.h> won't work as designed"
Finished building: ../HMI_ECU.c
 
Building target: HMI_ECU.elf
Invoking: AVR C Linker
avr-gcc -Wl,-Map,HMI_ECU.map -mmcu=atmega32 -o "HMI_ECU.elf"  ./HMI_ECU.o ./gpio.o ./keypad.o ./lcd.o ./timer1.o ./uart.o   
Finished building target: HMI_ECU.elf
 
Invoking: AVR Create Extended Listing
avr-objdump -h -S HMI_ECU.elf  >"HMI_ECU.lss"
Finished building: HMI_ECU.lss
 
Invoking: Print Size
avr-size --format=avr --mcu=atmega32 HMI_ECU.elf
AVR Memory Usage
----------------
Device: atmega32

Program:   13570 bytes (41.4% Full)
(.text + .data + .bootloader)

Data:        121 bytes (5.9% Full)
(.data + .bss + .noinit)


Finished building: sizedummy
 
22:48:04 **** Incremental Build of configuration Debug for project CONTROL_ECU ****
make all 
Invoking: Print Size
avr-size --format=avr --mcu=atmega32 CONTROL_ECU.elf
AVR Memory Usage
----------------
Device: atmega32

Program:    8642 bytes (26.4% Full)
(.text + .data + .bootloader)

Data:        270 bytes (13.2% Full)
(.data + .bss + .noinit)


Finished building: sizedummy
 
22:48:05 **** Incremental Build of configuration Debug for project HMI_ECU ****
make all 
Building file: ../HMI_ECU.c
Invoking: AVR Compiler
avr-gcc -Wall -g2 -gstabs -O0 -fpack-struct -fshort-enums -ffunction-sections -fdata-sections -std=gnu99 -funsigned-char -funsigned-bitfields -mmcu=atmega32 -DF_CPU=8000000UL -MMD -MP -MF"HMI_ECU.d" -MT"HMI_ECU.o" -c -o "HMI_ECU.o" "../HMI_ECU.c"
In file included from ../HMI_ECU.c:15:
d:/eclipse/lib/gcc/../../avr/include/util/delay.h:90:3: warning: #warning "Compiler optimizations disabled; functions from <util/delay.h> won't work as designed"
Finished building: ../HMI_ECU.c
 
Building target: HMI_ECU.elf
Invoking: AVR C Linker
avr-gcc -Wl,-Map,HMI_ECU.map -mmcu=atmega32 -o "HMI_ECU.elf"  ./HMI_ECU.o ./gpio.o ./keypad.o ./lcd.o ./timer1.o ./uart.o   
Finished building target: HMI_ECU.elf
 
Invoking: AVR Create Extended Listing
avr-objdump -h -S HMI_ECU.elf  >"HMI_ECU.lss"
Finished building: HMI_ECU.lss
 
Invoking: Print Size
avr-size --format=avr --mcu=atmega32 HMI_ECU.elf
AVR Memory Usage
----------------
Device: atmega32

Program:   13598 bytes (41.5% Full)
(.text + .data + .bootloader)

Data:        121 bytes (5.9% Full)
(.data + .bss + .noinit)


Finished building: sizedummy
 
22:50:46 **** Incremental Build of configuration Debug for project CONTROL_ECU ****
make all 
Building file: ../CONTROL_ECU.c
Invoking: AVR Compiler
avr-gcc -Wall -g2 -gstabs -O0 -fpack-struct -fshort-enums -ffunction-sections -fdata-sections -std=gnu99 -funsigned-char -funsigned-bitfields -mmcu=atmega32 -DF_CPU=8000000UL -MMD -MP -MF"CONTROL_ECU.d" -MT"CONTROL_ECU.o" -c -o "CONTROL_ECU.o" "../CONTROL_ECU.c"
In file included from ../CONTROL_ECU.c:9:
d:/eclipse/lib/gcc/../../avr/include/util/delay.h:90:3: warning: #warning "Compiler optimizations disabled; functions from <util/delay.h> won't work as designed"
Finished building: ../CONTROL_ECU.c
 
Building file: ../timer1.c
Invoking: AVR Compiler
avr-gcc -Wall -g2 -gstabs -O0 -fpack-struct -fshort-enums -ffunction-sections -fdata-sections -std=gnu99 -funsigned-char -funsigned-bitfields -mmcu=atmega32 -DF_CPU=8000000UL -MMD -MP -MF"timer1.d" -MT"timer1.o" -c -o "timer1.o" "../timer1.c"
../timer1.c: In function 'Timer1_setCallBack':
../timer1.c:94: warning: function return types not compatible due to 'volatile'
Finished building: ../timer1.c
 
Building target: CONTROL_ECU.elf
Invoking: AVR C Linker
avr-gcc -Wl,-Map,CONTROL_ECU.map -mmcu=atmega32 -o "CONTROL_ECU.elf"  ./Buzzer.o ./CONTROL_ECU.o ./DC_Motor.o ./external_eeprom.o ./gpio.o ./pwm.o ./timer1.o ./twi.o ./uart.o   
Finished building target: CONTROL_ECU.elf
 
Invoking: AVR Create Extended Listing
avr-objdump -h -S CONTROL_ECU.elf  >"CONTROL_ECU.lss"
Finished building: CONTROL_ECU.lss
 
Invoking: Print Size
avr-size --format=avr --mcu=atmega32 CONTROL_ECU.elf
AVR Memory Usage
----------------
Device: atmega32

Program:    8660 bytes (26.4% Full)
(.text + .data + .bootloader)

Data:        270 bytes (13.2% Full)
(.data + .bss + .noinit)


Finished building: sizedummy
 
22:50:48 **** Incremental Build of configuration Debug for project HMI_ECU ****
make all 
Building file: ../HMI_ECU.c
Invoking: AVR Compiler
avr-gcc -Wall -g2 -gstabs -O0 -fpack-struct -fshort-enums -ffunction-sections -fdata-sections -std=gnu99 -funsigned-char -funsigned-bitfields -mmcu=atmega32 -DF_CPU=8000000UL -MMD -MP -MF"HMI_ECU.d" -MT"HMI_ECU.o" -c -o "HMI_ECU.o" "../HMI_ECU.c"
In file included from ../HMI_ECU.c:15:
d:/eclipse/lib/gcc/../../avr/include/util/delay.h:90:3: warning: #warning "Compiler optimizations disabled; functions from <util/delay.h> won't work as designed"
Finished building: ../HMI_ECU.c
 
Building target: HMI_ECU.elf
Invoking: AVR C Linker
avr-gcc -Wl,-Map,HMI_ECU.map -mmcu=atmega32 -o "HMI_ECU.elf"  ./HMI_ECU.o ./gpio.o ./keypad.o ./lcd.o ./timer1.o ./uart.o   
Finished building target: HMI_ECU.elf
 
Invoking: AVR Create Extended Listing
avr-objdump -h -S HMI_ECU.elf  >"HMI_ECU.lss"
Finished building: HMI_ECU.lss
 
Invoking: Print Size
avr-size --format=avr --mcu=atmega32 HMI_ECU.elf
AVR Memory Usage
----------------
Device: atmega32

Program:   13570 bytes (41.4% Full)
(.text + .data + .bootloader)

Data:        121 bytes (5.9% Full)
(.data + .bss + .noinit)


Finished building: sizedummy
 
22:54:40 **** Incremental Build of configuration Debug for project CONTROL_ECU ****
make all 
Invoking: Print Size
avr-size --format=avr --mcu=atmega32 CONTROL_ECU.elf
AVR Memory Usage
----------------
Device: atmega32

Program:    8660 bytes (26.4% Full)
(.text + .data + .bootloader)

Data:        270 bytes (13.2% Full)
(.data + .bss + .noinit)


Finished building: sizedummy
 
22:54:40 **** Incremental Build of configuration Debug for project HMI_ECU ****
make all 
Building file: ../HMI_ECU.c
Invoking: AVR Compiler
avr-gcc -Wall -g2 -gstabs -O0 -fpack-struct -fshort-enums -ffunction-sections -fdata-sections -std=gnu99 -funsigned-char -funsigned-bitfields -mmcu=atmega32 -DF_CPU=8000000UL -MMD -MP -MF"HMI_ECU.d" -MT"HMI_ECU.o" -c -o "HMI_ECU.o" "../HMI_ECU.c"
In file included from ../HMI_ECU.c:15:
d:/eclipse/lib/gcc/../../avr/include/util/delay.h:90:3: warning: #warning "Compiler optimizations disabled; functions from <util/delay.h> won't work as designed"
Finished building: ../HMI_ECU.c
 
Building file: ../timer1.c
Invoking: AVR Compiler
avr-gcc -Wall -g2 -gstabs -O0 -fpack-struct -fshort-enums -ffunction-sections -fdata-sections -std=gnu99 -funsigned-char -funsigned-bitfields -mmcu=atmega32 -DF_CPU=8000000UL -MMD -MP -MF"timer1.d" -MT"timer1.o" -c -o "timer1.o" "../timer1.c"
../timer1.c: In function 'Timer1_setCallBack':
../timer1.c:94: warning: function return types not compatible due to 'volatile'
Finished building: ../timer1.c
 
Building target: HMI_ECU.elf
Invoking: AVR C Linker
avr-gcc -Wl,-Map,HMI_ECU.map -mmcu=atmega32 -o "HMI_ECU.elf"  ./HMI_ECU.o ./gpio.o ./keypad.o ./lcd.o ./timer1.o ./uart.o   
Finished building target: HMI_ECU.elf
 
Invoking: AVR Create Extended Listing
avr-objdump -h -S HMI_ECU.elf  >"HMI_ECU.lss"
Finished building: HMI_ECU.lss
 
Invoking: Print Size
avr-size --format=avr --mcu=atmega32 HMI_ECU.elf
AVR Memory Usage
----------------
Device: atmega32

Program:   13588 bytes (41.5% Full)
(.text + .data + .bootloader)

Data:        121 bytes (5.9% Full)
(.data + .bss + .noinit)


Finished building: sizedummy
 
23:20:12 **** Incremental Build of configuration Debug for project CONTROL_ECU ****
make all 
Building file: ../CONTROL_ECU.c
Invoking: AVR Compiler
avr-gcc -Wall -g2 -gstabs -O0 -fpack-struct -fshort-enums -ffunction-sections -fdata-sections -std=gnu99 -funsigned-char -funsigned-bitfields -mmcu=atmega32 -DF_CPU=8000000UL -MMD -MP -MF"CONTROL_ECU.d" -MT"CONTROL_ECU.o" -c -o "CONTROL_ECU.o" "../CONTROL_ECU.c"
In file included from ../CONTROL_ECU.c:9:
d:/eclipse/lib/gcc/../../avr/include/util/delay.h:90:3: warning: #warning "Compiler optimizations disabled; functions from <util/delay.h> won't work as designed"
Finished building: ../CONTROL_ECU.c
 
Building target: CONTROL_ECU.elf
Invoking: AVR C Linker
avr-gcc -Wl,-Map,CONTROL_ECU.map -mmcu=atmega32 -o "CONTROL_ECU.elf"  ./Buzzer.o ./CONTROL_ECU.o ./DC_Motor.o ./external_eeprom.o ./gpio.o ./pwm.o ./timer1.o ./twi.o ./uart.o   
Finished building target: CONTROL_ECU.elf
 
Invoking: AVR Create Extended Listing
avr-objdump -h -S CONTROL_ECU.elf  >"CONTROL_ECU.lss"
Finished building: CONTROL_ECU.lss
 
Invoking: Print Size
avr-size --format=avr --mcu=atmega32 CONTROL_ECU.elf
AVR Memory Usage
----------------
Device: atmega32

Program:    8908 bytes (27.2% Full)
(.text + .data + .bootloader)

Data:        274 bytes (13.4% Full)
(.data + .bss + .noinit)


Finished building: sizedummy
 
23:20:14 **** Incremental Build of configuration Debug for project HMI_ECU ****
make all 
Building file: ../HMI_ECU.c
Invoking: AVR Compiler
avr-gcc -Wall -g2 -gstabs -O0 -fpack-struct -fshort-enums -ffunction-sections -fdata-sections -std=gnu99 -funsigned-char -funsigned-bitfields -mmcu=atmega32 -DF_CPU=8000000UL -MMD -MP -MF"HMI_ECU.d" -MT"HMI_ECU.o" -c -o "HMI_ECU.o" "../HMI_ECU.c"
In file included from ../HMI_ECU.c:15:
d:/eclipse/lib/gcc/../../avr/include/util/delay.h:90:3: warning: #warning "Compiler optimizations disabled; functions from <util/delay.h> won't work as designed"
Finished building: ../HMI_ECU.c
 
Building target: HMI_ECU.elf
Invoking: AVR C Linker
avr-gcc -Wl,-Map,HMI_ECU.map -mmcu=atmega32 -o "HMI_ECU.elf"  ./HMI_ECU.o ./gpio.o ./keypad.o ./lcd.o ./timer1.o ./uart.o   
Finished building target: HMI_ECU.elf
 
Invoking: AVR Create Extended Listing
avr-objdump -h -S HMI_ECU.elf  >"HMI_ECU.lss"
Finished building: HMI_ECU.lss
 
Invoking: Print Size
avr-size --format=avr --mcu=atmega32 HMI_ECU.elf
AVR Memory Usage
----------------
Device: atmega32

Program:   13602 bytes (41.5% Full)
(.text + .data + .bootloader)

Data:        121 bytes (5.9% Full)
(.data + .bss + .noinit)


Finished building: sizedummy
 
23:27:17 **** Incremental Build of configuration Debug for project CONTROL_ECU ****
make all 
Building file: ../CONTROL_ECU.c
Invoking: AVR Compiler
avr-gcc -Wall -g2 -gstabs -O0 -fpack-struct -fshort-enums -ffunction-sections -fdata-sections -std=gnu99 -funsigned-char -funsigned-bitfields -mmcu=atmega32 -DF_CPU=8000000UL -MMD -MP -MF"CONTROL_ECU.d" -MT"CONTROL_ECU.o" -c -o "CONTROL_ECU.o" "../CONTROL_ECU.c"
In file included from ../CONTROL_ECU.c:9:
d:/eclipse/lib/gcc/../../avr/include/util/delay.h:90:3: warning: #warning "Compiler optimizations disabled; functions from <util/delay.h> won't work as designed"
Finished building: ../CONTROL_ECU.c
 
Building target: CONTROL_ECU.elf
Invoking: AVR C Linker
avr-gcc -Wl,-Map,CONTROL_ECU.map -mmcu=atmega32 -o "CONTROL_ECU.elf"  ./Buzzer.o ./CONTROL_ECU.o ./DC_Motor.o ./external_eeprom.o ./gpio.o ./pwm.o ./timer1.o ./twi.o ./uart.o   
Finished building target: CONTROL_ECU.elf
 
Invoking: AVR Create Extended Listing
avr-objdump -h -S CONTROL_ECU.elf  >"CONTROL_ECU.lss"
Finished building: CONTROL_ECU.lss
 
Invoking: Print Size
avr-size --format=avr --mcu=atmega32 CONTROL_ECU.elf
AVR Memory Usage
----------------
Device: atmega32

Program:    8916 bytes (27.2% Full)
(.text + .data + .bootloader)

Data:        274 bytes (13.4% Full)
(.data + .bss + .noinit)


Finished building: sizedummy
 
23:27:18 **** Incremental Build of configuration Debug for project HMI_ECU ****
make all 
Invoking: Print Size
avr-size --format=avr --mcu=atmega32 HMI_ECU.elf
AVR Memory Usage
----------------
Device: atmega32

Program:   13602 bytes (41.5% Full)
(.text + .data + .bootloader)

Data:        121 bytes (5.9% Full)
(.data + .bss + .noinit)


Finished building: sizedummy
 
23:37:49 **** Incremental Build of configuration Debug for project CONTROL_ECU ****
make all 
Building file: ../Buzzer.c
Invoking: AVR Compiler
avr-gcc -Wall -g2 -gstabs -O0 -fpack-struct -fshort-enums -ffunction-sections -fdata-sections -std=gnu99 -funsigned-char -funsigned-bitfields -mmcu=atmega32 -DF_CPU=8000000UL -MMD -MP -MF"Buzzer.d" -MT"Buzzer.o" -c -o "Buzzer.o" "../Buzzer.c"
Finished building: ../Buzzer.c
 
Building file: ../CONTROL_ECU.c
Invoking: AVR Compiler
avr-gcc -Wall -g2 -gstabs -O0 -fpack-struct -fshort-enums -ffunction-sections -fdata-sections -std=gnu99 -funsigned-char -funsigned-bitfields -mmcu=atmega32 -DF_CPU=8000000UL -MMD -MP -MF"CONTROL_ECU.d" -MT"CONTROL_ECU.o" -c -o "CONTROL_ECU.o" "../CONTROL_ECU.c"
In file included from ../CONTROL_ECU.c:9:
d:/eclipse/lib/gcc/../../avr/include/util/delay.h:90:3: warning: #warning "Compiler optimizations disabled; functions from <util/delay.h> won't work as designed"
Finished building: ../CONTROL_ECU.c
 
Building file: ../DC_Motor.c
Invoking: AVR Compiler
avr-gcc -Wall -g2 -gstabs -O0 -fpack-struct -fshort-enums -ffunction-sections -fdata-sections -std=gnu99 -funsigned-char -funsigned-bitfields -mmcu=atmega32 -DF_CPU=8000000UL -MMD -MP -MF"DC_Motor.d" -MT"DC_Motor.o" -c -o "DC_Motor.o" "../DC_Motor.c"
Finished building: ../DC_Motor.c
 
Building file: ../external_eeprom.c
Invoking: AVR Compiler
avr-gcc -Wall -g2 -gstabs -O0 -fpack-struct -fshort-enums -ffunction-sections -fdata-sections -std=gnu99 -funsigned-char -funsigned-bitfields -mmcu=atmega32 -DF_CPU=8000000UL -MMD -MP -MF"external_eeprom.d" -MT"external_eeprom.o" -c -o "external_eeprom.o" "../external_eeprom.c"
Finished building: ../external_eeprom.c
 
Building file: ../gpio.c
Invoking: AVR Compiler
avr-gcc -Wall -g2 -gstabs -O0 -fpack-struct -fshort-enums -ffunction-sections -fdata-sections -std=gnu99 -funsigned-char -funsigned-bitfields -mmcu=atmega32 -DF_CPU=8000000UL -MMD -MP -MF"gpio.d" -MT"gpio.o" -c -o "gpio.o" "../gpio.c"
Finished building: ../gpio.c
 
Building file: ../pwm.c
Invoking: AVR Compiler
avr-gcc -Wall -g2 -gstabs -O0 -fpack-struct -fshort-enums -ffunction-sections -fdata-sections -std=gnu99 -funsigned-char -funsigned-bitfields -mmcu=atmega32 -DF_CPU=8000000UL -MMD -MP -MF"pwm.d" -MT"pwm.o" -c -o "pwm.o" "../pwm.c"
Finished building: ../pwm.c
 
Building file: ../timer1.c
Invoking: AVR Compiler
avr-gcc -Wall -g2 -gstabs -O0 -fpack-struct -fshort-enums -ffunction-sections -fdata-sections -std=gnu99 -funsigned-char -funsigned-bitfields -mmcu=atmega32 -DF_CPU=8000000UL -MMD -MP -MF"timer1.d" -MT"timer1.o" -c -o "timer1.o" "../timer1.c"
../timer1.c: In function 'Timer1_setCallBack':
../timer1.c:94: warning: function return types not compatible due to 'volatile'
Finished building: ../timer1.c
 
Building file: ../twi.c
Invoking: AVR Compiler
avr-gcc -Wall -g2 -gstabs -O0 -fpack-struct -fshort-enums -ffunction-sections -fdata-sections -std=gnu99 -funsigned-char -funsigned-bitfields -mmcu=atmega32 -DF_CPU=8000000UL -MMD -MP -MF"twi.d" -MT"twi.o" -c -o "twi.o" "../twi.c"
Finished building: ../twi.c
 
Building file: ../uart.c
Invoking: AVR Compiler
avr-gcc -Wall -g2 -gstabs -O0 -fpack-struct -fshort-enums -ffunction-sections -fdata-sections -std=gnu99 -funsigned-char -funsigned-bitfields -mmcu=atmega32 -DF_CPU=8000000UL -MMD -MP -MF"uart.d" -MT"uart.o" -c -o "uart.o" "../uart.c"
Finished building: ../uart.c
 
Building target: CONTROL_ECU.elf
Invoking: AVR C Linker
avr-gcc -Wl,-Map,CONTROL_ECU.map -mmcu=atmega32 -o "CONTROL_ECU.elf"  ./Buzzer.o ./CONTROL_ECU.o ./DC_Motor.o ./external_eeprom.o ./gpio.o ./pwm.o ./timer1.o ./twi.o ./uart.o   
Finished building target: CONTROL_ECU.elf
 
Invoking: AVR Create Extended Listing
avr-objdump -h -S CONTROL_ECU.elf  >"CONTROL_ECU.lss"
Finished building: CONTROL_ECU.lss
 
Invoking: Print Size
avr-size --format=avr --mcu=atmega32 CONTROL_ECU.elf
AVR Memory Usage
----------------
Device: atmega32

Program:    8916 bytes (27.2% Full)
(.text + .data + .bootloader)

Data:        274 bytes (13.4% Full)
(.data + .bss + .noinit)


Finished building: sizedummy
 
23:37:52 **** Incremental Build of configuration Debug for project HMI_ECU ****
make all 
Building file: ../HMI_ECU.c
Invoking: AVR Compiler
avr-gcc -Wall -g2 -gstabs -O0 -fpack-struct -fshort-enums -ffunction-sections -fdata-sections -std=gnu99 -funsigned-char -funsigned-bitfields -mmcu=atmega32 -DF_CPU=8000000UL -MMD -MP -MF"HMI_ECU.d" -MT"HMI_ECU.o" -c -o "HMI_ECU.o" "../HMI_ECU.c"
In file included from ../HMI_ECU.c:15:
d:/eclipse/lib/gcc/../../avr/include/util/delay.h:90:3: warning: #warning "Compiler optimizations disabled; functions from <util/delay.h> won't work as designed"
Finished building: ../HMI_ECU.c
 
Building file: ../gpio.c
Invoking: AVR Compiler
avr-gcc -Wall -g2 -gstabs -O0 -fpack-struct -fshort-enums -ffunction-sections -fdata-sections -std=gnu99 -funsigned-char -funsigned-bitfields -mmcu=atmega32 -DF_CPU=8000000UL -MMD -MP -MF"gpio.d" -MT"gpio.o" -c -o "gpio.o" "../gpio.c"
Finished building: ../gpio.c
 
Building file: ../keypad.c
Invoking: AVR Compiler
avr-gcc -Wall -g2 -gstabs -O0 -fpack-struct -fshort-enums -ffunction-sections -fdata-sections -std=gnu99 -funsigned-char -funsigned-bitfields -mmcu=atmega32 -DF_CPU=8000000UL -MMD -MP -MF"keypad.d" -MT"keypad.o" -c -o "keypad.o" "../keypad.c"
In file included from ../keypad.c:14:
d:/eclipse/lib/gcc/../../avr/include/util/delay.h:90:3: warning: #warning "Compiler optimizations disabled; functions from <util/delay.h> won't work as designed"
Finished building: ../keypad.c
 
Building file: ../lcd.c
Invoking: AVR Compiler
avr-gcc -Wall -g2 -gstabs -O0 -fpack-struct -fshort-enums -ffunction-sections -fdata-sections -std=gnu99 -funsigned-char -funsigned-bitfields -mmcu=atmega32 -DF_CPU=8000000UL -MMD -MP -MF"lcd.d" -MT"lcd.o" -c -o "lcd.o" "../lcd.c"
In file included from ../lcd.c:13:
d:/eclipse/lib/gcc/../../avr/include/util/delay.h:90:3: warning: #warning "Compiler optimizations disabled; functions from <util/delay.h> won't work as designed"
../lcd.c: In function 'LCD_intgerToString':
../lcd.c:209: warning: implicit declaration of function 'itoa'
Finished building: ../lcd.c
 
Building file: ../timer1.c
Invoking: AVR Compiler
avr-gcc -Wall -g2 -gstabs -O0 -fpack-struct -fshort-enums -ffunction-sections -fdata-sections -std=gnu99 -funsigned-char -funsigned-bitfields -mmcu=atmega32 -DF_CPU=8000000UL -MMD -MP -MF"timer1.d" -MT"timer1.o" -c -o "timer1.o" "../timer1.c"
../timer1.c: In function 'Timer1_setCallBack':
../timer1.c:94: warning: function return types not compatible due to 'volatile'
Finished building: ../timer1.c
 
Building file: ../uart.c
Invoking: AVR Compiler
avr-gcc -Wall -g2 -gstabs -O0 -fpack-struct -fshort-enums -ffunction-sections -fdata-sections -std=gnu99 -funsigned-char -funsigned-bitfields -mmcu=atmega32 -DF_CPU=8000000UL -MMD -MP -MF"uart.d" -MT"uart.o" -c -o "uart.o" "../uart.c"
Finished building: ../uart.c
 
Building target: HMI_ECU.elf
Invoking: AVR C Linker
avr-gcc -Wl,-Map,HMI_ECU.map -mmcu=atmega32 -o "HMI_ECU.elf"  ./HMI_ECU.o ./gpio.o ./keypad.o ./lcd.o ./timer1.o ./uart.o   
Finished building target: HMI_ECU.elf
 
Invoking: AVR Create Extended Listing
avr-objdump -h -S HMI_ECU.elf  >"HMI_ECU.lss"
Finished building: HMI_ECU.lss
 
Invoking: Print Size
avr-size --format=avr --mcu=atmega32 HMI_ECU.elf
AVR Memory Usage
----------------
Device: atmega32

Program:   13602 bytes (41.5% Full)
(.text + .data + .bootloader)

Data:        121 bytes (5.9% Full)
(.data + .bss + .noinit)


Finished building: sizedummy
 
23:38:01 **** Incremental Build of configuration Debug for project CONTROL_ECU ****
make all 
Invoking: Print Size
avr-size --format=avr --mcu=atmega32 CONTROL_ECU.elf
AVR Memory Usage
----------------
Device: atmega32

Program:    8916 bytes (27.2% Full)
(.text + .data + .bootloader)

Data:        274 bytes (13.4% Full)
(.data + .bss + .noinit)


Finished building: sizedummy
 
23:38:01 **** Incremental Build of configuration Debug for project HMI_ECU ****
make all 
Invoking: Print Size
avr-size --format=avr --mcu=atmega32 HMI_ECU.elf
AVR Memory Usage
----------------
Device: atmega32

Program:   13602 bytes (41.5% Full)
(.text + .data + .bootloader)

Data:        121 bytes (5.9% Full)
(.data + .bss + .noinit)


Finished building: sizedummy
 
00:06:30 **** Incremental Build of configuration Debug for project CONTROL_ECU ****
make all 
Building file: ../Buzzer.c
Invoking: AVR Compiler
avr-gcc -Wall -g2 -gstabs -O0 -fpack-struct -fshort-enums -ffunction-sections -fdata-sections -std=gnu99 -funsigned-char -funsigned-bitfields -mmcu=atmega32 -DF_CPU=8000000UL -MMD -MP -MF"Buzzer.d" -MT"Buzzer.o" -c -o "Buzzer.o" "../Buzzer.c"
Finished building: ../Buzzer.c
 
Building file: ../CONTROL_ECU.c
Invoking: AVR Compiler
avr-gcc -Wall -g2 -gstabs -O0 -fpack-struct -fshort-enums -ffunction-sections -fdata-sections -std=gnu99 -funsigned-char -funsigned-bitfields -mmcu=atmega32 -DF_CPU=8000000UL -MMD -MP -MF"CONTROL_ECU.d" -MT"CONTROL_ECU.o" -c -o "CONTROL_ECU.o" "../CONTROL_ECU.c"
In file included from ../CONTROL_ECU.c:9:
d:/eclipse/lib/gcc/../../avr/include/util/delay.h:90:3: warning: #warning "Compiler optimizations disabled; functions from <util/delay.h> won't work as designed"
Finished building: ../CONTROL_ECU.c
 
Building file: ../DC_Motor.c
Invoking: AVR Compiler
avr-gcc -Wall -g2 -gstabs -O0 -fpack-struct -fshort-enums -ffunction-sections -fdata-sections -std=gnu99 -funsigned-char -funsigned-bitfields -mmcu=atmega32 -DF_CPU=8000000UL -MMD -MP -MF"DC_Motor.d" -MT"DC_Motor.o" -c -o "DC_Motor.o" "../DC_Motor.c"
Finished building: ../DC_Motor.c
 
Building file: ../external_eeprom.c
Invoking: AVR Compiler
avr-gcc -Wall -g2 -gstabs -O0 -fpack-struct -fshort-enums -ffunction-sections -fdata-sections -std=gnu99 -funsigned-char -funsigned-bitfields -mmcu=atmega32 -DF_CPU=8000000UL -MMD -MP -MF"external_eeprom.d" -MT"external_eeprom.o" -c -o "external_eeprom.o" "../external_eeprom.c"
Finished building: ../external_eeprom.c
 
Building file: ../gpio.c
Invoking: AVR Compiler
avr-gcc -Wall -g2 -gstabs -O0 -fpack-struct -fshort-enums -ffunction-sections -fdata-sections -std=gnu99 -funsigned-char -funsigned-bitfields -mmcu=atmega32 -DF_CPU=8000000UL -MMD -MP -MF"gpio.d" -MT"gpio.o" -c -o "gpio.o" "../gpio.c"
Finished building: ../gpio.c
 
Building file: ../pwm.c
Invoking: AVR Compiler
avr-gcc -Wall -g2 -gstabs -O0 -fpack-struct -fshort-enums -ffunction-sections -fdata-sections -std=gnu99 -funsigned-char -funsigned-bitfields -mmcu=atmega32 -DF_CPU=8000000UL -MMD -MP -MF"pwm.d" -MT"pwm.o" -c -o "pwm.o" "../pwm.c"
Finished building: ../pwm.c
 
Building file: ../timer1.c
Invoking: AVR Compiler
avr-gcc -Wall -g2 -gstabs -O0 -fpack-struct -fshort-enums -ffunction-sections -fdata-sections -std=gnu99 -funsigned-char -funsigned-bitfields -mmcu=atmega32 -DF_CPU=8000000UL -MMD -MP -MF"timer1.d" -MT"timer1.o" -c -o "timer1.o" "../timer1.c"
../timer1.c: In function 'Timer1_setCallBack':
../timer1.c:94: warning: function return types not compatible due to 'volatile'
Finished building: ../timer1.c
 
Building file: ../twi.c
Invoking: AVR Compiler
avr-gcc -Wall -g2 -gstabs -O0 -fpack-struct -fshort-enums -ffunction-sections -fdata-sections -std=gnu99 -funsigned-char -funsigned-bitfields -mmcu=atmega32 -DF_CPU=8000000UL -MMD -MP -MF"twi.d" -MT"twi.o" -c -o "twi.o" "../twi.c"
Finished building: ../twi.c
 
Building file: ../uart.c
Invoking: AVR Compiler
avr-gcc -Wall -g2 -gstabs -O0 -fpack-struct -fshort-enums -ffunction-sections -fdata-sections -std=gnu99 -funsigned-char -funsigned-bitfields -mmcu=atmega32 -DF_CPU=8000000UL -MMD -MP -MF"uart.d" -MT"uart.o" -c -o "uart.o" "../uart.c"
Finished building: ../uart.c
 
Building target: CONTROL_ECU.elf
Invoking: AVR C Linker
avr-gcc -Wl,-Map,CONTROL_ECU.map -mmcu=atmega32 -o "CONTROL_ECU.elf"  ./Buzzer.o ./CONTROL_ECU.o ./DC_Motor.o ./external_eeprom.o ./gpio.o ./pwm.o ./timer1.o ./twi.o ./uart.o   
Finished building target: CONTROL_ECU.elf
 
Invoking: AVR Create Extended Listing
avr-objdump -h -S CONTROL_ECU.elf  >"CONTROL_ECU.lss"
Finished building: CONTROL_ECU.lss
 
Invoking: Print Size
avr-size --format=avr --mcu=atmega32 CONTROL_ECU.elf
AVR Memory Usage
----------------
Device: atmega32

Program:    8996 bytes (27.5% Full)
(.text + .data + .bootloader)

Data:        274 bytes (13.4% Full)
(.data + .bss + .noinit)


Finished building: sizedummy
 
00:06:32 **** Incremental Build of configuration Debug for project HMI_ECU ****
make all 
Building file: ../HMI_ECU.c
Invoking: AVR Compiler
avr-gcc -Wall -g2 -gstabs -O0 -fpack-struct -fshort-enums -ffunction-sections -fdata-sections -std=gnu99 -funsigned-char -funsigned-bitfields -mmcu=atmega32 -DF_CPU=8000000UL -MMD -MP -MF"HMI_ECU.d" -MT"HMI_ECU.o" -c -o "HMI_ECU.o" "../HMI_ECU.c"
In file included from ../HMI_ECU.c:15:
d:/eclipse/lib/gcc/../../avr/include/util/delay.h:90:3: warning: #warning "Compiler optimizations disabled; functions from <util/delay.h> won't work as designed"
Finished building: ../HMI_ECU.c
 
Building file: ../gpio.c
Invoking: AVR Compiler
avr-gcc -Wall -g2 -gstabs -O0 -fpack-struct -fshort-enums -ffunction-sections -fdata-sections -std=gnu99 -funsigned-char -funsigned-bitfields -mmcu=atmega32 -DF_CPU=8000000UL -MMD -MP -MF"gpio.d" -MT"gpio.o" -c -o "gpio.o" "../gpio.c"
Finished building: ../gpio.c
 
Building file: ../keypad.c
Invoking: AVR Compiler
avr-gcc -Wall -g2 -gstabs -O0 -fpack-struct -fshort-enums -ffunction-sections -fdata-sections -std=gnu99 -funsigned-char -funsigned-bitfields -mmcu=atmega32 -DF_CPU=8000000UL -MMD -MP -MF"keypad.d" -MT"keypad.o" -c -o "keypad.o" "../keypad.c"
In file included from ../keypad.c:14:
d:/eclipse/lib/gcc/../../avr/include/util/delay.h:90:3: warning: #warning "Compiler optimizations disabled; functions from <util/delay.h> won't work as designed"
Finished building: ../keypad.c
 
Building file: ../lcd.c
Invoking: AVR Compiler
avr-gcc -Wall -g2 -gstabs -O0 -fpack-struct -fshort-enums -ffunction-sections -fdata-sections -std=gnu99 -funsigned-char -funsigned-bitfields -mmcu=atmega32 -DF_CPU=8000000UL -MMD -MP -MF"lcd.d" -MT"lcd.o" -c -o "lcd.o" "../lcd.c"
In file included from ../lcd.c:13:
d:/eclipse/lib/gcc/../../avr/include/util/delay.h:90:3: warning: #warning "Compiler optimizations disabled; functions from <util/delay.h> won't work as designed"
../lcd.c: In function 'LCD_intgerToString':
../lcd.c:209: warning: implicit declaration of function 'itoa'
Finished building: ../lcd.c
 
Building file: ../timer1.c
Invoking: AVR Compiler
avr-gcc -Wall -g2 -gstabs -O0 -fpack-struct -fshort-enums -ffunction-sections -fdata-sections -std=gnu99 -funsigned-char -funsigned-bitfields -mmcu=atmega32 -DF_CPU=8000000UL -MMD -MP -MF"timer1.d" -MT"timer1.o" -c -o "timer1.o" "../timer1.c"
../timer1.c: In function 'Timer1_setCallBack':
../timer1.c:94: warning: function return types not compatible due to 'volatile'
Finished building: ../timer1.c
 
Building file: ../uart.c
Invoking: AVR Compiler
avr-gcc -Wall -g2 -gstabs -O0 -fpack-struct -fshort-enums -ffunction-sections -fdata-sections -std=gnu99 -funsigned-char -funsigned-bitfields -mmcu=atmega32 -DF_CPU=8000000UL -MMD -MP -MF"uart.d" -MT"uart.o" -c -o "uart.o" "../uart.c"
Finished building: ../uart.c
 
Building target: HMI_ECU.elf
Invoking: AVR C Linker
avr-gcc -Wl,-Map,HMI_ECU.map -mmcu=atmega32 -o "HMI_ECU.elf"  ./HMI_ECU.o ./gpio.o ./keypad.o ./lcd.o ./timer1.o ./uart.o   
Finished building target: HMI_ECU.elf
 
Invoking: AVR Create Extended Listing
avr-objdump -h -S HMI_ECU.elf  >"HMI_ECU.lss"
Finished building: HMI_ECU.lss
 
Invoking: Print Size
avr-size --format=avr --mcu=atmega32 HMI_ECU.elf
AVR Memory Usage
----------------
Device: atmega32

Program:   13688 bytes (41.8% Full)
(.text + .data + .bootloader)

Data:        133 bytes (6.5% Full)
(.data + .bss + .noinit)


Finished building: sizedummy
 
00:06:38 **** Incremental Build of configuration Debug for project CONTROL_ECU ****
make all 
Invoking: Print Size
avr-size --format=avr --mcu=atmega32 CONTROL_ECU.elf
AVR Memory Usage
----------------
Device: atmega32

Program:    8996 bytes (27.5% Full)
(.text + .data + .bootloader)

Data:        274 bytes (13.4% Full)
(.data + .bss + .noinit)


Finished building: sizedummy
 
00:06:38 **** Incremental Build of configuration Debug for project HMI_ECU ****
make all 
Invoking: Print Size
avr-size --format=avr --mcu=atmega32 HMI_ECU.elf
AVR Memory Usage
----------------
Device: atmega32

Program:   13688 bytes (41.8% Full)
(.text + .data + .bootloader)

Data:        133 bytes (6.5% Full)
(.data + .bss + .noinit)


Finished building: sizedummy
 
00:27:29 **** Incremental Build of configuration Debug for project CONTROL_ECU ****
make all 
Building file: ../CONTROL_ECU.c
Invoking: AVR Compiler
avr-gcc -Wall -g2 -gstabs -O0 -fpack-struct -fshort-enums -ffunction-sections -fdata-sections -std=gnu99 -funsigned-char -funsigned-bitfields -mmcu=atmega32 -DF_CPU=8000000UL -MMD -MP -MF"CONTROL_ECU.d" -MT"CONTROL_ECU.o" -c -o "CONTROL_ECU.o" "../CONTROL_ECU.c"
In file included from ../CONTROL_ECU.c:9:
d:/eclipse/lib/gcc/../../avr/include/util/delay.h:90:3: warning: #warning "Compiler optimizations disabled; functions from <util/delay.h> won't work as designed"
Finished building: ../CONTROL_ECU.c
 
Building target: CONTROL_ECU.elf
Invoking: AVR C Linker
avr-gcc -Wl,-Map,CONTROL_ECU.map -mmcu=atmega32 -o "CONTROL_ECU.elf"  ./Buzzer.o ./CONTROL_ECU.o ./DC_Motor.o ./external_eeprom.o ./gpio.o ./pwm.o ./timer1.o ./twi.o ./uart.o   
Finished building target: CONTROL_ECU.elf
 
Invoking: AVR Create Extended Listing
avr-objdump -h -S CONTROL_ECU.elf  >"CONTROL_ECU.lss"
Finished building: CONTROL_ECU.lss
 
Invoking: Print Size
avr-size --format=avr --mcu=atmega32 CONTROL_ECU.elf
AVR Memory Usage
----------------
Device: atmega32

Program:    9164 bytes (28.0% Full)
(.text + .data + .bootloader)

Data:        274 bytes (13.4% Full)
(.data + .bss + .noinit)


Finished building: sizedummy
 
00:27:30 **** Incremental Build of configuration Debug for project HMI_ECU ****
make all 
Building file: ../HMI_ECU.c
Invoking: AVR Compiler
avr-gcc -Wall -g2 -gstabs -O0 -fpack-struct -fshort-enums -ffunction-sections -fdata-sections -std=gnu99 -funsigned-char -funsigned-bitfields -mmcu=atmega32 -DF_CPU=8000000UL -MMD -MP -MF"HMI_ECU.d" -MT"HMI_ECU.o" -c -o "HMI_ECU.o" "../HMI_ECU.c"
In file included from ../HMI_ECU.c:15:
d:/eclipse/lib/gcc/../../avr/include/util/delay.h:90:3: warning: #warning "Compiler optimizations disabled; functions from <util/delay.h> won't work as designed"
Finished building: ../HMI_ECU.c
 
Building target: HMI_ECU.elf
Invoking: AVR C Linker
avr-gcc -Wl,-Map,HMI_ECU.map -mmcu=atmega32 -o "HMI_ECU.elf"  ./HMI_ECU.o ./gpio.o ./keypad.o ./lcd.o ./timer1.o ./uart.o   
Finished building target: HMI_ECU.elf
 
Invoking: AVR Create Extended Listing
avr-objdump -h -S HMI_ECU.elf  >"HMI_ECU.lss"
Finished building: HMI_ECU.lss
 
Invoking: Print Size
avr-size --format=avr --mcu=atmega32 HMI_ECU.elf
AVR Memory Usage
----------------
Device: atmega32

Program:   13886 bytes (42.4% Full)
(.text + .data + .bootloader)

Data:        147 bytes (7.2% Full)
(.data + .bss + .noinit)


Finished building: sizedummy
 
00:57:58 **** Incremental Build of configuration Debug for project CONTROL_ECU ****
make all 
Building file: ../CONTROL_ECU.c
Invoking: AVR Compiler
avr-gcc -Wall -g2 -gstabs -O0 -fpack-struct -fshort-enums -ffunction-sections -fdata-sections -std=gnu99 -funsigned-char -funsigned-bitfields -mmcu=atmega32 -DF_CPU=8000000UL -MMD -MP -MF"CONTROL_ECU.d" -MT"CONTROL_ECU.o" -c -o "CONTROL_ECU.o" "../CONTROL_ECU.c"
In file included from ../CONTROL_ECU.c:9:
d:/eclipse/lib/gcc/../../avr/include/util/delay.h:90:3: warning: #warning "Compiler optimizations disabled; functions from <util/delay.h> won't work as designed"
Finished building: ../CONTROL_ECU.c
 
Building target: CONTROL_ECU.elf
Invoking: AVR C Linker
avr-gcc -Wl,-Map,CONTROL_ECU.map -mmcu=atmega32 -o "CONTROL_ECU.elf"  ./Buzzer.o ./CONTROL_ECU.o ./DC_Motor.o ./external_eeprom.o ./gpio.o ./pwm.o ./timer1.o ./twi.o ./uart.o   
Finished building target: CONTROL_ECU.elf
 
Invoking: AVR Create Extended Listing
avr-objdump -h -S CONTROL_ECU.elf  >"CONTROL_ECU.lss"
Finished building: CONTROL_ECU.lss
 
Invoking: Print Size
avr-size --format=avr --mcu=atmega32 CONTROL_ECU.elf
AVR Memory Usage
----------------
Device: atmega32

Program:    9164 bytes (28.0% Full)
(.text + .data + .bootloader)

Data:        274 bytes (13.4% Full)
(.data + .bss + .noinit)


Finished building: sizedummy
 
00:57:59 **** Incremental Build of configuration Debug for project HMI_ECU ****
make all 
Building file: ../HMI_ECU.c
Invoking: AVR Compiler
avr-gcc -Wall -g2 -gstabs -O0 -fpack-struct -fshort-enums -ffunction-sections -fdata-sections -std=gnu99 -funsigned-char -funsigned-bitfields -mmcu=atmega32 -DF_CPU=8000000UL -MMD -MP -MF"HMI_ECU.d" -MT"HMI_ECU.o" -c -o "HMI_ECU.o" "../HMI_ECU.c"
In file included from ../HMI_ECU.c:15:
d:/eclipse/lib/gcc/../../avr/include/util/delay.h:90:3: warning: #warning "Compiler optimizations disabled; functions from <util/delay.h> won't work as designed"
Finished building: ../HMI_ECU.c
 
Building target: HMI_ECU.elf
Invoking: AVR C Linker
avr-gcc -Wl,-Map,HMI_ECU.map -mmcu=atmega32 -o "HMI_ECU.elf"  ./HMI_ECU.o ./gpio.o ./keypad.o ./lcd.o ./timer1.o ./uart.o   
Finished building target: HMI_ECU.elf
 
Invoking: AVR Create Extended Listing
avr-objdump -h -S HMI_ECU.elf  >"HMI_ECU.lss"
Finished building: HMI_ECU.lss
 
Invoking: Print Size
avr-size --format=avr --mcu=atmega32 HMI_ECU.elf
AVR Memory Usage
----------------
Device: atmega32

Program:   13918 bytes (42.5% Full)
(.text + .data + .bootloader)

Data:        148 bytes (7.2% Full)
(.data + .bss + .noinit)


Finished building: sizedummy
 
01:06:16 **** Incremental Build of configuration Debug for project CONTROL_ECU ****
make all 
Invoking: Print Size
avr-size --format=avr --mcu=atmega32 CONTROL_ECU.elf
AVR Memory Usage
----------------
Device: atmega32

Program:    9164 bytes (28.0% Full)
(.text + .data + .bootloader)

Data:        274 bytes (13.4% Full)
(.data + .bss + .noinit)


Finished building: sizedummy
 
01:06:16 **** Incremental Build of configuration Debug for project HMI_ECU ****
make all 
Invoking: Print Size
avr-size --format=avr --mcu=atmega32 HMI_ECU.elf
AVR Memory Usage
----------------
Device: atmega32

Program:   13918 bytes (42.5% Full)
(.text + .data + .bootloader)

Data:        148 bytes (7.2% Full)
(.data + .bss + .noinit)


Finished building: sizedummy
 
01:06:17 **** Incremental Build of configuration Debug for project CONTROL_ECU ****
make all 
Invoking: Print Size
avr-size --format=avr --mcu=atmega32 CONTROL_ECU.elf
AVR Memory Usage
----------------
Device: atmega32

Program:    9164 bytes (28.0% Full)
(.text + .data + .bootloader)

Data:        274 bytes (13.4% Full)
(.data + .bss + .noinit)


Finished building: sizedummy
 
01:06:17 **** Incremental Build of configuration Debug for project HMI_ECU ****
make all 
Invoking: Print Size
avr-size --format=avr --mcu=atmega32 HMI_ECU.elf
AVR Memory Usage
----------------
Device: atmega32

Program:   13918 bytes (42.5% Full)
(.text + .data + .bootloader)

Data:        148 bytes (7.2% Full)
(.data + .bss + .noinit)


Finished building: sizedummy
 
01:26:49 **** Incremental Build of configuration Debug for project CONTROL_ECU ****
make all 
Building file: ../CONTROL_ECU.c
Invoking: AVR Compiler
avr-gcc -Wall -g2 -gstabs -O0 -fpack-struct -fshort-enums -ffunction-sections -fdata-sections -std=gnu99 -funsigned-char -funsigned-bitfields -mmcu=atmega32 -DF_CPU=8000000UL -MMD -MP -MF"CONTROL_ECU.d" -MT"CONTROL_ECU.o" -c -o "CONTROL_ECU.o" "../CONTROL_ECU.c"
In file included from ../CONTROL_ECU.c:9:
d:/eclipse/lib/gcc/../../avr/include/util/delay.h:90:3: warning: #warning "Compiler optimizations disabled; functions from <util/delay.h> won't work as designed"
Finished building: ../CONTROL_ECU.c
 
Building target: CONTROL_ECU.elf
Invoking: AVR C Linker
avr-gcc -Wl,-Map,CONTROL_ECU.map -mmcu=atmega32 -o "CONTROL_ECU.elf"  ./Buzzer.o ./CONTROL_ECU.o ./DC_Motor.o ./external_eeprom.o ./gpio.o ./pwm.o ./timer1.o ./twi.o ./uart.o   
Finished building target: CONTROL_ECU.elf
 
Invoking: AVR Create Extended Listing
avr-objdump -h -S CONTROL_ECU.elf  >"CONTROL_ECU.lss"
Finished building: CONTROL_ECU.lss
 
Invoking: Print Size
avr-size --format=avr --mcu=atmega32 CONTROL_ECU.elf
AVR Memory Usage
----------------
Device: atmega32

Program:    9180 bytes (28.0% Full)
(.text + .data + .bootloader)

Data:        274 bytes (13.4% Full)
(.data + .bss + .noinit)


Finished building: sizedummy
 
01:26:50 **** Incremental Build of configuration Debug for project HMI_ECU ****
make all 
Building file: ../HMI_ECU.c
Invoking: AVR Compiler
avr-gcc -Wall -g2 -gstabs -O0 -fpack-struct -fshort-enums -ffunction-sections -fdata-sections -std=gnu99 -funsigned-char -funsigned-bitfields -mmcu=atmega32 -DF_CPU=8000000UL -MMD -MP -MF"HMI_ECU.d" -MT"HMI_ECU.o" -c -o "HMI_ECU.o" "../HMI_ECU.c"
In file included from ../HMI_ECU.c:15:
d:/eclipse/lib/gcc/../../avr/include/util/delay.h:90:3: warning: #warning "Compiler optimizations disabled; functions from <util/delay.h> won't work as designed"
Finished building: ../HMI_ECU.c
 
Building target: HMI_ECU.elf
Invoking: AVR C Linker
avr-gcc -Wl,-Map,HMI_ECU.map -mmcu=atmega32 -o "HMI_ECU.elf"  ./HMI_ECU.o ./gpio.o ./keypad.o ./lcd.o ./timer1.o ./uart.o   
Finished building target: HMI_ECU.elf
 
Invoking: AVR Create Extended Listing
avr-objdump -h -S HMI_ECU.elf  >"HMI_ECU.lss"
Finished building: HMI_ECU.lss
 
Invoking: Print Size
avr-size --format=avr --mcu=atmega32 HMI_ECU.elf
AVR Memory Usage
----------------
Device: atmega32

Program:   13994 bytes (42.7% Full)
(.text + .data + .bootloader)

Data:        148 bytes (7.2% Full)
(.data + .bss + .noinit)


Finished building: sizedummy
 
01:26:51 **** Incremental Build of configuration Debug for project CONTROL_ECU ****
make all 
Invoking: Print Size
avr-size --format=avr --mcu=atmega32 CONTROL_ECU.elf
AVR Memory Usage
----------------
Device: atmega32

Program:    9180 bytes (28.0% Full)
(.text + .data + .bootloader)

Data:        274 bytes (13.4% Full)
(.data + .bss + .noinit)


Finished building: sizedummy
 
01:26:52 **** Incremental Build of configuration Debug for project HMI_ECU ****
make all 
Invoking: Print Size
avr-size --format=avr --mcu=atmega32 HMI_ECU.elf
AVR Memory Usage
----------------
Device: atmega32

Program:   13994 bytes (42.7% Full)
(.text + .data + .bootloader)

Data:        148 bytes (7.2% Full)
(.data + .bss + .noinit)


Finished building: sizedummy
 
01:33:31 **** Incremental Build of configuration Debug for project CONTROL_ECU ****
make all 
Invoking: Print Size
avr-size --format=avr --mcu=atmega32 CONTROL_ECU.elf
AVR Memory Usage
----------------
Device: atmega32

Program:    9180 bytes (28.0% Full)
(.text + .data + .bootloader)

Data:        274 bytes (13.4% Full)
(.data + .bss + .noinit)


Finished building: sizedummy
 
01:33:31 **** Incremental Build of configuration Debug for project HMI_ECU ****
make all 
Building file: ../HMI_ECU.c
Invoking: AVR Compiler
avr-gcc -Wall -g2 -gstabs -O0 -fpack-struct -fshort-enums -ffunction-sections -fdata-sections -std=gnu99 -funsigned-char -funsigned-bitfields -mmcu=atmega32 -DF_CPU=8000000UL -MMD -MP -MF"HMI_ECU.d" -MT"HMI_ECU.o" -c -o "HMI_ECU.o" "../HMI_ECU.c"
In file included from ../HMI_ECU.c:15:
d:/eclipse/lib/gcc/../../avr/include/util/delay.h:90:3: warning: #warning "Compiler optimizations disabled; functions from <util/delay.h> won't work as designed"
Finished building: ../HMI_ECU.c
 
Building target: HMI_ECU.elf
Invoking: AVR C Linker
avr-gcc -Wl,-Map,HMI_ECU.map -mmcu=atmega32 -o "HMI_ECU.elf"  ./HMI_ECU.o ./gpio.o ./keypad.o ./lcd.o ./timer1.o ./uart.o   
Finished building target: HMI_ECU.elf
 
Invoking: AVR Create Extended Listing
avr-objdump -h -S HMI_ECU.elf  >"HMI_ECU.lss"
Finished building: HMI_ECU.lss
 
Invoking: Print Size
avr-size --format=avr --mcu=atmega32 HMI_ECU.elf
AVR Memory Usage
----------------
Device: atmega32

Program:   13986 bytes (42.7% Full)
(.text + .data + .bootloader)

Data:        148 bytes (7.2% Full)
(.data + .bss + .noinit)


Finished building: sizedummy
 
01:33:33 **** Incremental Build of configuration Debug for project CONTROL_ECU ****
make all 
Invoking: Print Size
avr-size --format=avr --mcu=atmega32 CONTROL_ECU.elf
AVR Memory Usage
----------------
Device: atmega32

Program:    9180 bytes (28.0% Full)
(.text + .data + .bootloader)

Data:        274 bytes (13.4% Full)
(.data + .bss + .noinit)


Finished building: sizedummy
 
01:33:34 **** Incremental Build of configuration Debug for project HMI_ECU ****
make all 
Invoking: Print Size
avr-size --format=avr --mcu=atmega32 HMI_ECU.elf
AVR Memory Usage
----------------
Device: atmega32

Program:   13986 bytes (42.7% Full)
(.text + .data + .bootloader)

Data:        148 bytes (7.2% Full)
(.data + .bss + .noinit)


Finished building: sizedummy
 
02:12:37 **** Incremental Build of configuration Debug for project CONTROL_ECU ****
make all 
Building file: ../Buzzer.c
Invoking: AVR Compiler
avr-gcc -Wall -g2 -gstabs -O0 -fpack-struct -fshort-enums -ffunction-sections -fdata-sections -std=gnu99 -funsigned-char -funsigned-bitfields -mmcu=atmega32 -DF_CPU=8000000UL -MMD -MP -MF"Buzzer.d" -MT"Buzzer.o" -c -o "Buzzer.o" "../Buzzer.c"
Finished building: ../Buzzer.c
 
Building file: ../CONTROL_ECU.c
Invoking: AVR Compiler
avr-gcc -Wall -g2 -gstabs -O0 -fpack-struct -fshort-enums -ffunction-sections -fdata-sections -std=gnu99 -funsigned-char -funsigned-bitfields -mmcu=atmega32 -DF_CPU=8000000UL -MMD -MP -MF"CONTROL_ECU.d" -MT"CONTROL_ECU.o" -c -o "CONTROL_ECU.o" "../CONTROL_ECU.c"
In file included from ../CONTROL_ECU.c:9:
d:/eclipse/lib/gcc/../../avr/include/util/delay.h:90:3: warning: #warning "Compiler optimizations disabled; functions from <util/delay.h> won't work as designed"
Finished building: ../CONTROL_ECU.c
 
Building file: ../DC_Motor.c
Invoking: AVR Compiler
avr-gcc -Wall -g2 -gstabs -O0 -fpack-struct -fshort-enums -ffunction-sections -fdata-sections -std=gnu99 -funsigned-char -funsigned-bitfields -mmcu=atmega32 -DF_CPU=8000000UL -MMD -MP -MF"DC_Motor.d" -MT"DC_Motor.o" -c -o "DC_Motor.o" "../DC_Motor.c"
Finished building: ../DC_Motor.c
 
Building file: ../external_eeprom.c
Invoking: AVR Compiler
avr-gcc -Wall -g2 -gstabs -O0 -fpack-struct -fshort-enums -ffunction-sections -fdata-sections -std=gnu99 -funsigned-char -funsigned-bitfields -mmcu=atmega32 -DF_CPU=8000000UL -MMD -MP -MF"external_eeprom.d" -MT"external_eeprom.o" -c -o "external_eeprom.o" "../external_eeprom.c"
Finished building: ../external_eeprom.c
 
Building file: ../gpio.c
Invoking: AVR Compiler
avr-gcc -Wall -g2 -gstabs -O0 -fpack-struct -fshort-enums -ffunction-sections -fdata-sections -std=gnu99 -funsigned-char -funsigned-bitfields -mmcu=atmega32 -DF_CPU=8000000UL -MMD -MP -MF"gpio.d" -MT"gpio.o" -c -o "gpio.o" "../gpio.c"
Finished building: ../gpio.c
 
Building file: ../pwm.c
Invoking: AVR Compiler
avr-gcc -Wall -g2 -gstabs -O0 -fpack-struct -fshort-enums -ffunction-sections -fdata-sections -std=gnu99 -funsigned-char -funsigned-bitfields -mmcu=atmega32 -DF_CPU=8000000UL -MMD -MP -MF"pwm.d" -MT"pwm.o" -c -o "pwm.o" "../pwm.c"
Finished building: ../pwm.c
 
Building file: ../timer1.c
Invoking: AVR Compiler
avr-gcc -Wall -g2 -gstabs -O0 -fpack-struct -fshort-enums -ffunction-sections -fdata-sections -std=gnu99 -funsigned-char -funsigned-bitfields -mmcu=atmega32 -DF_CPU=8000000UL -MMD -MP -MF"timer1.d" -MT"timer1.o" -c -o "timer1.o" "../timer1.c"
../timer1.c: In function 'Timer1_setCallBack':
../timer1.c:94: warning: function return types not compatible due to 'volatile'
Finished building: ../timer1.c
 
Building file: ../twi.c
Invoking: AVR Compiler
avr-gcc -Wall -g2 -gstabs -O0 -fpack-struct -fshort-enums -ffunction-sections -fdata-sections -std=gnu99 -funsigned-char -funsigned-bitfields -mmcu=atmega32 -DF_CPU=8000000UL -MMD -MP -MF"twi.d" -MT"twi.o" -c -o "twi.o" "../twi.c"
Finished building: ../twi.c
 
Building file: ../uart.c
Invoking: AVR Compiler
avr-gcc -Wall -g2 -gstabs -O0 -fpack-struct -fshort-enums -ffunction-sections -fdata-sections -std=gnu99 -funsigned-char -funsigned-bitfields -mmcu=atmega32 -DF_CPU=8000000UL -MMD -MP -MF"uart.d" -MT"uart.o" -c -o "uart.o" "../uart.c"
Finished building: ../uart.c
 
Building target: CONTROL_ECU.elf
Invoking: AVR C Linker
avr-gcc -Wl,-Map,CONTROL_ECU.map -mmcu=atmega32 -o "CONTROL_ECU.elf"  ./Buzzer.o ./CONTROL_ECU.o ./DC_Motor.o ./external_eeprom.o ./gpio.o ./pwm.o ./timer1.o ./twi.o ./uart.o   
Finished building target: CONTROL_ECU.elf
 
Invoking: AVR Create Extended Listing
avr-objdump -h -S CONTROL_ECU.elf  >"CONTROL_ECU.lss"
Finished building: CONTROL_ECU.lss
 
Invoking: Print Size
avr-size --format=avr --mcu=atmega32 CONTROL_ECU.elf
AVR Memory Usage
----------------
Device: atmega32

Program:    9184 bytes (28.0% Full)
(.text + .data + .bootloader)

Data:        274 bytes (13.4% Full)
(.data + .bss + .noinit)


Finished building: sizedummy
 
02:12:40 **** Incremental Build of configuration Debug for project HMI_ECU ****
make all 
Building file: ../HMI_ECU.c
Invoking: AVR Compiler
avr-gcc -Wall -g2 -gstabs -O0 -fpack-struct -fshort-enums -ffunction-sections -fdata-sections -std=gnu99 -funsigned-char -funsigned-bitfields -mmcu=atmega32 -DF_CPU=8000000UL -MMD -MP -MF"HMI_ECU.d" -MT"HMI_ECU.o" -c -o "HMI_ECU.o" "../HMI_ECU.c"
In file included from ../HMI_ECU.c:15:
d:/eclipse/lib/gcc/../../avr/include/util/delay.h:90:3: warning: #warning "Compiler optimizations disabled; functions from <util/delay.h> won't work as designed"
Finished building: ../HMI_ECU.c
 
Building file: ../gpio.c
Invoking: AVR Compiler
avr-gcc -Wall -g2 -gstabs -O0 -fpack-struct -fshort-enums -ffunction-sections -fdata-sections -std=gnu99 -funsigned-char -funsigned-bitfields -mmcu=atmega32 -DF_CPU=8000000UL -MMD -MP -MF"gpio.d" -MT"gpio.o" -c -o "gpio.o" "../gpio.c"
Finished building: ../gpio.c
 
Building file: ../keypad.c
Invoking: AVR Compiler
avr-gcc -Wall -g2 -gstabs -O0 -fpack-struct -fshort-enums -ffunction-sections -fdata-sections -std=gnu99 -funsigned-char -funsigned-bitfields -mmcu=atmega32 -DF_CPU=8000000UL -MMD -MP -MF"keypad.d" -MT"keypad.o" -c -o "keypad.o" "../keypad.c"
In file included from ../keypad.c:14:
d:/eclipse/lib/gcc/../../avr/include/util/delay.h:90:3: warning: #warning "Compiler optimizations disabled; functions from <util/delay.h> won't work as designed"
Finished building: ../keypad.c
 
Building file: ../lcd.c
Invoking: AVR Compiler
avr-gcc -Wall -g2 -gstabs -O0 -fpack-struct -fshort-enums -ffunction-sections -fdata-sections -std=gnu99 -funsigned-char -funsigned-bitfields -mmcu=atmega32 -DF_CPU=8000000UL -MMD -MP -MF"lcd.d" -MT"lcd.o" -c -o "lcd.o" "../lcd.c"
In file included from ../lcd.c:13:
d:/eclipse/lib/gcc/../../avr/include/util/delay.h:90:3: warning: #warning "Compiler optimizations disabled; functions from <util/delay.h> won't work as designed"
../lcd.c: In function 'LCD_intgerToString':
../lcd.c:209: warning: implicit declaration of function 'itoa'
Finished building: ../lcd.c
 
Building file: ../timer1.c
Invoking: AVR Compiler
avr-gcc -Wall -g2 -gstabs -O0 -fpack-struct -fshort-enums -ffunction-sections -fdata-sections -std=gnu99 -funsigned-char -funsigned-bitfields -mmcu=atmega32 -DF_CPU=8000000UL -MMD -MP -MF"timer1.d" -MT"timer1.o" -c -o "timer1.o" "../timer1.c"
../timer1.c: In function 'Timer1_setCallBack':
../timer1.c:94: warning: function return types not compatible due to 'volatile'
Finished building: ../timer1.c
 
Building file: ../uart.c
Invoking: AVR Compiler
avr-gcc -Wall -g2 -gstabs -O0 -fpack-struct -fshort-enums -ffunction-sections -fdata-sections -std=gnu99 -funsigned-char -funsigned-bitfields -mmcu=atmega32 -DF_CPU=8000000UL -MMD -MP -MF"uart.d" -MT"uart.o" -c -o "uart.o" "../uart.c"
Finished building: ../uart.c
 
Building target: HMI_ECU.elf
Invoking: AVR C Linker
avr-gcc -Wl,-Map,HMI_ECU.map -mmcu=atmega32 -o "HMI_ECU.elf"  ./HMI_ECU.o ./gpio.o ./keypad.o ./lcd.o ./timer1.o ./uart.o   
Finished building target: HMI_ECU.elf
 
Invoking: AVR Create Extended Listing
avr-objdump -h -S HMI_ECU.elf  >"HMI_ECU.lss"
Finished building: HMI_ECU.lss
 
Invoking: Print Size
avr-size --format=avr --mcu=atmega32 HMI_ECU.elf
AVR Memory Usage
----------------
Device: atmega32

Program:   13986 bytes (42.7% Full)
(.text + .data + .bootloader)

Data:        148 bytes (7.2% Full)
(.data + .bss + .noinit)


Finished building: sizedummy
 
02:12:45 **** Incremental Build of configuration Debug for project CONTROL_ECU ****
make all 
Invoking: Print Size
avr-size --format=avr --mcu=atmega32 CONTROL_ECU.elf
AVR Memory Usage
----------------
Device: atmega32

Program:    9184 bytes (28.0% Full)
(.text + .data + .bootloader)

Data:        274 bytes (13.4% Full)
(.data + .bss + .noinit)


Finished building: sizedummy
 
02:12:46 **** Incremental Build of configuration Debug for project HMI_ECU ****
make all 
Invoking: Print Size
avr-size --format=avr --mcu=atmega32 HMI_ECU.elf
AVR Memory Usage
----------------
Device: atmega32

Program:   13986 bytes (42.7% Full)
(.text + .data + .bootloader)

Data:        148 bytes (7.2% Full)
(.data + .bss + .noinit)


Finished building: sizedummy
 
02:21:48 **** Incremental Build of configuration Debug for project CONTROL_ECU ****
make all 
Building file: ../Buzzer.c
Invoking: AVR Compiler
avr-gcc -Wall -g2 -gstabs -O0 -fpack-struct -fshort-enums -ffunction-sections -fdata-sections -std=gnu99 -funsigned-char -funsigned-bitfields -mmcu=atmega32 -DF_CPU=8000000UL -MMD -MP -MF"Buzzer.d" -MT"Buzzer.o" -c -o "Buzzer.o" "../Buzzer.c"
Finished building: ../Buzzer.c
 
Building file: ../CONTROL_ECU.c
Invoking: AVR Compiler
avr-gcc -Wall -g2 -gstabs -O0 -fpack-struct -fshort-enums -ffunction-sections -fdata-sections -std=gnu99 -funsigned-char -funsigned-bitfields -mmcu=atmega32 -DF_CPU=8000000UL -MMD -MP -MF"CONTROL_ECU.d" -MT"CONTROL_ECU.o" -c -o "CONTROL_ECU.o" "../CONTROL_ECU.c"
In file included from ../CONTROL_ECU.c:9:
d:/eclipse/lib/gcc/../../avr/include/util/delay.h:90:3: warning: #warning "Compiler optimizations disabled; functions from <util/delay.h> won't work as designed"
Finished building: ../CONTROL_ECU.c
 
Building file: ../DC_Motor.c
Invoking: AVR Compiler
avr-gcc -Wall -g2 -gstabs -O0 -fpack-struct -fshort-enums -ffunction-sections -fdata-sections -std=gnu99 -funsigned-char -funsigned-bitfields -mmcu=atmega32 -DF_CPU=8000000UL -MMD -MP -MF"DC_Motor.d" -MT"DC_Motor.o" -c -o "DC_Motor.o" "../DC_Motor.c"
Finished building: ../DC_Motor.c
 
Building file: ../external_eeprom.c
Invoking: AVR Compiler
avr-gcc -Wall -g2 -gstabs -O0 -fpack-struct -fshort-enums -ffunction-sections -fdata-sections -std=gnu99 -funsigned-char -funsigned-bitfields -mmcu=atmega32 -DF_CPU=8000000UL -MMD -MP -MF"external_eeprom.d" -MT"external_eeprom.o" -c -o "external_eeprom.o" "../external_eeprom.c"
Finished building: ../external_eeprom.c
 
Building file: ../gpio.c
Invoking: AVR Compiler
avr-gcc -Wall -g2 -gstabs -O0 -fpack-struct -fshort-enums -ffunction-sections -fdata-sections -std=gnu99 -funsigned-char -funsigned-bitfields -mmcu=atmega32 -DF_CPU=8000000UL -MMD -MP -MF"gpio.d" -MT"gpio.o" -c -o "gpio.o" "../gpio.c"
Finished building: ../gpio.c
 
Building file: ../pwm.c
Invoking: AVR Compiler
avr-gcc -Wall -g2 -gstabs -O0 -fpack-struct -fshort-enums -ffunction-sections -fdata-sections -std=gnu99 -funsigned-char -funsigned-bitfields -mmcu=atmega32 -DF_CPU=8000000UL -MMD -MP -MF"pwm.d" -MT"pwm.o" -c -o "pwm.o" "../pwm.c"
Finished building: ../pwm.c
 
Building file: ../timer1.c
Invoking: AVR Compiler
avr-gcc -Wall -g2 -gstabs -O0 -fpack-struct -fshort-enums -ffunction-sections -fdata-sections -std=gnu99 -funsigned-char -funsigned-bitfields -mmcu=atmega32 -DF_CPU=8000000UL -MMD -MP -MF"timer1.d" -MT"timer1.o" -c -o "timer1.o" "../timer1.c"
../timer1.c: In function 'Timer1_setCallBack':
../timer1.c:94: warning: function return types not compatible due to 'volatile'
Finished building: ../timer1.c
 
Building file: ../twi.c
Invoking: AVR Compiler
avr-gcc -Wall -g2 -gstabs -O0 -fpack-struct -fshort-enums -ffunction-sections -fdata-sections -std=gnu99 -funsigned-char -funsigned-bitfields -mmcu=atmega32 -DF_CPU=8000000UL -MMD -MP -MF"twi.d" -MT"twi.o" -c -o "twi.o" "../twi.c"
Finished building: ../twi.c
 
Building file: ../uart.c
Invoking: AVR Compiler
avr-gcc -Wall -g2 -gstabs -O0 -fpack-struct -fshort-enums -ffunction-sections -fdata-sections -std=gnu99 -funsigned-char -funsigned-bitfields -mmcu=atmega32 -DF_CPU=8000000UL -MMD -MP -MF"uart.d" -MT"uart.o" -c -o "uart.o" "../uart.c"
Finished building: ../uart.c
 
Building target: CONTROL_ECU.elf
Invoking: AVR C Linker
avr-gcc -Wl,-Map,CONTROL_ECU.map -mmcu=atmega32 -o "CONTROL_ECU.elf"  ./Buzzer.o ./CONTROL_ECU.o ./DC_Motor.o ./external_eeprom.o ./gpio.o ./pwm.o ./timer1.o ./twi.o ./uart.o   
Finished building target: CONTROL_ECU.elf
 
Invoking: AVR Create Extended Listing
avr-objdump -h -S CONTROL_ECU.elf  >"CONTROL_ECU.lss"
Finished building: CONTROL_ECU.lss
 
Invoking: Print Size
avr-size --format=avr --mcu=atmega32 CONTROL_ECU.elf
AVR Memory Usage
----------------
Device: atmega32

Program:    9184 bytes (28.0% Full)
(.text + .data + .bootloader)

Data:        274 bytes (13.4% Full)
(.data + .bss + .noinit)


Finished building: sizedummy
 
02:21:51 **** Incremental Build of configuration Debug for project HMI_ECU ****
make all 
Building file: ../HMI_ECU.c
Invoking: AVR Compiler
avr-gcc -Wall -g2 -gstabs -O0 -fpack-struct -fshort-enums -ffunction-sections -fdata-sections -std=gnu99 -funsigned-char -funsigned-bitfields -mmcu=atmega32 -DF_CPU=8000000UL -MMD -MP -MF"HMI_ECU.d" -MT"HMI_ECU.o" -c -o "HMI_ECU.o" "../HMI_ECU.c"
In file included from ../HMI_ECU.c:15:
d:/eclipse/lib/gcc/../../avr/include/util/delay.h:90:3: warning: #warning "Compiler optimizations disabled; functions from <util/delay.h> won't work as designed"
Finished building: ../HMI_ECU.c
 
Building file: ../gpio.c
Invoking: AVR Compiler
avr-gcc -Wall -g2 -gstabs -O0 -fpack-struct -fshort-enums -ffunction-sections -fdata-sections -std=gnu99 -funsigned-char -funsigned-bitfields -mmcu=atmega32 -DF_CPU=8000000UL -MMD -MP -MF"gpio.d" -MT"gpio.o" -c -o "gpio.o" "../gpio.c"
Finished building: ../gpio.c
 
Building file: ../keypad.c
Invoking: AVR Compiler
avr-gcc -Wall -g2 -gstabs -O0 -fpack-struct -fshort-enums -ffunction-sections -fdata-sections -std=gnu99 -funsigned-char -funsigned-bitfields -mmcu=atmega32 -DF_CPU=8000000UL -MMD -MP -MF"keypad.d" -MT"keypad.o" -c -o "keypad.o" "../keypad.c"
In file included from ../keypad.c:14:
d:/eclipse/lib/gcc/../../avr/include/util/delay.h:90:3: warning: #warning "Compiler optimizations disabled; functions from <util/delay.h> won't work as designed"
Finished building: ../keypad.c
 
Building file: ../lcd.c
Invoking: AVR Compiler
avr-gcc -Wall -g2 -gstabs -O0 -fpack-struct -fshort-enums -ffunction-sections -fdata-sections -std=gnu99 -funsigned-char -funsigned-bitfields -mmcu=atmega32 -DF_CPU=8000000UL -MMD -MP -MF"lcd.d" -MT"lcd.o" -c -o "lcd.o" "../lcd.c"
In file included from ../lcd.c:13:
d:/eclipse/lib/gcc/../../avr/include/util/delay.h:90:3: warning: #warning "Compiler optimizations disabled; functions from <util/delay.h> won't work as designed"
../lcd.c: In function 'LCD_intgerToString':
../lcd.c:209: warning: implicit declaration of function 'itoa'
Finished building: ../lcd.c
 
Building file: ../timer1.c
Invoking: AVR Compiler
avr-gcc -Wall -g2 -gstabs -O0 -fpack-struct -fshort-enums -ffunction-sections -fdata-sections -std=gnu99 -funsigned-char -funsigned-bitfields -mmcu=atmega32 -DF_CPU=8000000UL -MMD -MP -MF"timer1.d" -MT"timer1.o" -c -o "timer1.o" "../timer1.c"
../timer1.c: In function 'Timer1_setCallBack':
../timer1.c:94: warning: function return types not compatible due to 'volatile'
Finished building: ../timer1.c
 
Building file: ../uart.c
Invoking: AVR Compiler
avr-gcc -Wall -g2 -gstabs -O0 -fpack-struct -fshort-enums -ffunction-sections -fdata-sections -std=gnu99 -funsigned-char -funsigned-bitfields -mmcu=atmega32 -DF_CPU=8000000UL -MMD -MP -MF"uart.d" -MT"uart.o" -c -o "uart.o" "../uart.c"
Finished building: ../uart.c
 
Building target: HMI_ECU.elf
Invoking: AVR C Linker
avr-gcc -Wl,-Map,HMI_ECU.map -mmcu=atmega32 -o "HMI_ECU.elf"  ./HMI_ECU.o ./gpio.o ./keypad.o ./lcd.o ./timer1.o ./uart.o   
Finished building target: HMI_ECU.elf
 
Invoking: AVR Create Extended Listing
avr-objdump -h -S HMI_ECU.elf  >"HMI_ECU.lss"
Finished building: HMI_ECU.lss
 
Invoking: Print Size
avr-size --format=avr --mcu=atmega32 HMI_ECU.elf
AVR Memory Usage
----------------
Device: atmega32

Program:   13994 bytes (42.7% Full)
(.text + .data + .bootloader)

Data:        149 bytes (7.3% Full)
(.data + .bss + .noinit)


Finished building: sizedummy
 
02:23:05 **** Incremental Build of configuration Debug for project CONTROL_ECU ****
make all 
Invoking: Print Size
avr-size --format=avr --mcu=atmega32 CONTROL_ECU.elf
AVR Memory Usage
----------------
Device: atmega32

Program:    9184 bytes (28.0% Full)
(.text + .data + .bootloader)

Data:        274 bytes (13.4% Full)
(.data + .bss + .noinit)


Finished building: sizedummy
 
02:23:05 **** Incremental Build of configuration Debug for project HMI_ECU ****
make all 
Building file: ../HMI_ECU.c
Invoking: AVR Compiler
avr-gcc -Wall -g2 -gstabs -O0 -fpack-struct -fshort-enums -ffunction-sections -fdata-sections -std=gnu99 -funsigned-char -funsigned-bitfields -mmcu=atmega32 -DF_CPU=8000000UL -MMD -MP -MF"HMI_ECU.d" -MT"HMI_ECU.o" -c -o "HMI_ECU.o" "../HMI_ECU.c"
In file included from ../HMI_ECU.c:15:
d:/eclipse/lib/gcc/../../avr/include/util/delay.h:90:3: warning: #warning "Compiler optimizations disabled; functions from <util/delay.h> won't work as designed"
Finished building: ../HMI_ECU.c
 
Building target: HMI_ECU.elf
Invoking: AVR C Linker
avr-gcc -Wl,-Map,HMI_ECU.map -mmcu=atmega32 -o "HMI_ECU.elf"  ./HMI_ECU.o ./gpio.o ./keypad.o ./lcd.o ./timer1.o ./uart.o   
Finished building target: HMI_ECU.elf
 
Invoking: AVR Create Extended Listing
avr-objdump -h -S HMI_ECU.elf  >"HMI_ECU.lss"
Finished building: HMI_ECU.lss
 
Invoking: Print Size
avr-size --format=avr --mcu=atmega32 HMI_ECU.elf
AVR Memory Usage
----------------
Device: atmega32

Program:   14004 bytes (42.7% Full)
(.text + .data + .bootloader)

Data:        149 bytes (7.3% Full)
(.data + .bss + .noinit)


Finished building: sizedummy
 
02:26:41 **** Incremental Build of configuration Debug for project CONTROL_ECU ****
make all 
Invoking: Print Size
avr-size --format=avr --mcu=atmega32 CONTROL_ECU.elf
AVR Memory Usage
----------------
Device: atmega32

Program:    9184 bytes (28.0% Full)
(.text + .data + .bootloader)

Data:        274 bytes (13.4% Full)
(.data + .bss + .noinit)


Finished building: sizedummy
 
02:26:41 **** Incremental Build of configuration Debug for project HMI_ECU ****
make all 
Building file: ../HMI_ECU.c
Invoking: AVR Compiler
avr-gcc -Wall -g2 -gstabs -O0 -fpack-struct -fshort-enums -ffunction-sections -fdata-sections -std=gnu99 -funsigned-char -funsigned-bitfields -mmcu=atmega32 -DF_CPU=8000000UL -MMD -MP -MF"HMI_ECU.d" -MT"HMI_ECU.o" -c -o "HMI_ECU.o" "../HMI_ECU.c"
In file included from ../HMI_ECU.c:15:
d:/eclipse/lib/gcc/../../avr/include/util/delay.h:90:3: warning: #warning "Compiler optimizations disabled; functions from <util/delay.h> won't work as designed"
Finished building: ../HMI_ECU.c
 
Building target: HMI_ECU.elf
Invoking: AVR C Linker
avr-gcc -Wl,-Map,HMI_ECU.map -mmcu=atmega32 -o "HMI_ECU.elf"  ./HMI_ECU.o ./gpio.o ./keypad.o ./lcd.o ./timer1.o ./uart.o   
Finished building target: HMI_ECU.elf
 
Invoking: AVR Create Extended Listing
avr-objdump -h -S HMI_ECU.elf  >"HMI_ECU.lss"
Finished building: HMI_ECU.lss
 
Invoking: Print Size
avr-size --format=avr --mcu=atmega32 HMI_ECU.elf
AVR Memory Usage
----------------
Device: atmega32

Program:   14014 bytes (42.8% Full)
(.text + .data + .bootloader)

Data:        149 bytes (7.3% Full)
(.data + .bss + .noinit)


Finished building: sizedummy
 
02:26:43 **** Incremental Build of configuration Debug for project CONTROL_ECU ****
make all 
Invoking: Print Size
avr-size --format=avr --mcu=atmega32 CONTROL_ECU.elf
AVR Memory Usage
----------------
Device: atmega32

Program:    9184 bytes (28.0% Full)
(.text + .data + .bootloader)

Data:        274 bytes (13.4% Full)
(.data + .bss + .noinit)


Finished building: sizedummy
 
02:26:43 **** Incremental Build of configuration Debug for project HMI_ECU ****
make all 
Invoking: Print Size
avr-size --format=avr --mcu=atmega32 HMI_ECU.elf
AVR Memory Usage
----------------
Device: atmega32

Program:   14014 bytes (42.8% Full)
(.text + .data + .bootloader)

Data:        149 bytes (7.3% Full)
(.data + .bss + .noinit)


Finished building: sizedummy
 
